<?xml version="1.0" encoding="UTF-8"?>
<!-- Generated by org.testng.reporters.JUnitXMLReporter -->
<testsuite hostname="DESKTOP-AL3VMHN" ignored="0" name="Run on Chrome" tests="16" failures="2" timestamp="17 Sep 2021 07:07:25 GMT" time="131.79" errors="0">
  <testcase name="Admin_00_Login_To_Admin_Page" time="3.304" classname="com.nopcommerce.admin.Admin"/>
  <testcase name="Admin_01_Search_With_Product_Name" time="3.845" classname="com.nopcommerce.admin.Admin"/>
  <testcase name="Admin_02_Search_With_Product_Name_Parent_Category_Unchecked" time="2.949" classname="com.nopcommerce.admin.Admin"/>
  <testcase name="Admin_03_Search_With_Product_Name_Parent_Category_Checked" time="3.797" classname="com.nopcommerce.admin.Admin"/>
  <testcase name="Admin_04_Search_With_Product_Name_Child_Category" time="4.616" classname="com.nopcommerce.admin.Admin"/>
  <testcase name="Admin_05_Search_With_Product_Name_Manufacturer" time="3.743" classname="com.nopcommerce.admin.Admin"/>
  <testcase name="Admin_06_Go_Directly_To_SKU" time="6.249" classname="com.nopcommerce.admin.Admin"/>
  <testcase name="Admin_07_Create_New_Customer" time="15.77" classname="com.nopcommerce.admin.Admin"/>
  <testcase name="Admin_08_Search_Customer_With_Email" time="4.704" classname="com.nopcommerce.admin.Admin"/>
  <testcase name="Admin_09_Search_Customer_With_FirstName_LastName" time="6.842" classname="com.nopcommerce.admin.Admin">
    <failure type="java.lang.AssertionError" message="expected [1] but found [3]">
      <![CDATA[java.lang.AssertionError: expected [1] but found [3]
at commons.BaseTest.checkEquals(BaseTest.java:182)
at commons.BaseTest.verifyEquals(BaseTest.java:194)
at com.nopcommerce.admin.Admin.Admin_09_Search_Customer_With_FirstName_LastName(Admin.java:296)
... Removed 30 stack frames]]>
    </failure>
  </testcase> <!-- Admin_09_Search_Customer_With_FirstName_LastName -->
  <testcase name="Admin_10_Search_Customer_With_Company" time="6.684" classname="com.nopcommerce.admin.Admin">
    <failure type="java.lang.AssertionError" message="expected [1] but found [3]">
      <![CDATA[java.lang.AssertionError: expected [1] but found [3]
at commons.BaseTest.checkEquals(BaseTest.java:182)
at commons.BaseTest.verifyEquals(BaseTest.java:194)
at com.nopcommerce.admin.Admin.Admin_10_Search_Customer_With_Company(Admin.java:309)
... Removed 30 stack frames]]>
    </failure>
  </testcase> <!-- Admin_10_Search_Customer_With_Company -->
  <testcase name="Admin_11_Search_Customer_With_Full_Data" time="5.362" classname="com.nopcommerce.admin.Admin"/>
  <testcase name="Admin_12_Edit_Customer" time="15.729" classname="com.nopcommerce.admin.Admin"/>
  <testcase name="Admin_13_Add_New_Address" time="17.005" classname="com.nopcommerce.admin.Admin"/>
  <testcase name="Admin_14_Edit_Address" time="18.403" classname="com.nopcommerce.admin.Admin"/>
  <testcase name="Admin_15_Delete_Address" time="9.416" classname="com.nopcommerce.admin.Admin"/>
</testsuite> <!-- Run on Chrome -->
