{"uuid":"444d2d3f-d6d4-4410-bf01-b5b4bdabdc2d","name":"com.nopcommerce.admin.Admin","children":["c5329ea5-725e-4da2-bba5-f7c12198755e","12b9bf21-38b8-4a27-92d1-135c4fe543f3","55a7cdaa-3125-4787-8e78-978a74fc9794","747787bd-0701-4ff2-b4c3-b9a269981504","b2e6eddb-6ae6-45da-9c49-1b2ca4d8215b","0bcc54f0-9b75-48cd-a8b8-47af7d4f9446","40720e08-fc4b-4ea3-b97e-3b158d4afe36","9a33b9f5-43ef-41c1-8848-fee82c6de0ce","44a27c6a-b59e-4881-a19e-171def6e9739","4f6a546e-2849-48e6-9e2a-2d130b98c252","83de13f7-bc9f-4c95-b942-18243a5f8394","3c03cc23-f14d-46a6-b445-4b0a263cb299","d6afa1b0-c65d-4a37-b240-1f6f7e078333","63ef9448-9682-4d5e-b2a5-d9e676f731dc","f90ed807-ae02-448f-b328-074273c03529","0396bc21-0b54-42f5-966f-23a4979b02eb"],"befores":[{"name":"initBrowser","status":"broken","statusDetails":{"known":false,"muted":false,"flaky":false,"message":"java.io.FileNotFoundException: H:\\DATA\\Online_Class_23\\04-Maven Hybrid Framework\\browserLogs\\FirefoxLog.log (The system cannot find the path specified)\nBuild info: version: '3.141.59', revision: 'e82be7d358', time: '2018-11-14T08:17:03'\nSystem info: host: 'DESKTOP-AL3VMHN', ip: '192.168.250.11', os.name: 'Windows 10', os.arch: 'amd64', os.version: '10.0', java.version: '1.8.0_181'\nDriver info: driver.version: FirefoxDriver","trace":"org.openqa.selenium.WebDriverException: java.io.FileNotFoundException: H:\\DATA\\Online_Class_23\\04-Maven Hybrid Framework\\browserLogs\\FirefoxLog.log (The system cannot find the path specified)\nBuild info: version: '3.141.59', revision: 'e82be7d358', time: '2018-11-14T08:17:03'\nSystem info: host: 'DESKTOP-AL3VMHN', ip: '192.168.250.11', os.name: 'Windows 10', os.arch: 'amd64', os.version: '10.0', java.version: '1.8.0_181'\nDriver info: driver.version: FirefoxDriver\r\n\tat org.openqa.selenium.firefox.GeckoDriverService$Builder.createDriverService(GeckoDriverService.java:212)\r\n\tat org.openqa.selenium.firefox.GeckoDriverService$Builder.createDriverService(GeckoDriverService.java:114)\r\n\tat org.openqa.selenium.remote.service.DriverService$Builder.build(DriverService.java:360)\r\n\tat org.openqa.selenium.firefox.FirefoxDriver.toExecutor(FirefoxDriver.java:190)\r\n\tat org.openqa.selenium.firefox.FirefoxDriver.<init>(FirefoxDriver.java:147)\r\n\tat commons.BaseTest.getBrowser(BaseTest.java:86)\r\n\tat com.nopcommerce.admin.Admin.initBrowser(Admin.java:34)\r\n\tat sun.reflect.NativeMethodAccessorImpl.invoke0(Native Method)\r\n\tat sun.reflect.NativeMethodAccessorImpl.invoke(NativeMethodAccessorImpl.java:62)\r\n\tat sun.reflect.DelegatingMethodAccessorImpl.invoke(DelegatingMethodAccessorImpl.java:43)\r\n\tat java.lang.reflect.Method.invoke(Method.java:498)\r\n\tat org.testng.internal.MethodInvocationHelper.invokeMethod(MethodInvocationHelper.java:124)\r\n\tat org.testng.internal.MethodInvocationHelper.invokeMethodConsideringTimeout(MethodInvocationHelper.java:59)\r\n\tat org.testng.internal.Invoker.invokeConfigurationMethod(Invoker.java:458)\r\n\tat org.testng.internal.Invoker.invokeConfigurations(Invoker.java:222)\r\n\tat org.testng.internal.Invoker.invokeConfigurations(Invoker.java:142)\r\n\tat org.testng.internal.TestMethodWorker.invokeBeforeClassMethods(TestMethodWorker.java:168)\r\n\tat org.testng.internal.TestMethodWorker.run(TestMethodWorker.java:105)\r\n\tat org.testng.TestRunner.privateRun(TestRunner.java:648)\r\n\tat org.testng.TestRunner.run(TestRunner.java:505)\r\n\tat org.testng.SuiteRunner.runTest(SuiteRunner.java:455)\r\n\tat org.testng.SuiteRunner.runSequentially(SuiteRunner.java:450)\r\n\tat org.testng.SuiteRunner.privateRun(SuiteRunner.java:415)\r\n\tat org.testng.SuiteRunner.run(SuiteRunner.java:364)\r\n\tat org.testng.SuiteRunnerWorker.runSuite(SuiteRunnerWorker.java:52)\r\n\tat org.testng.SuiteRunnerWorker.run(SuiteRunnerWorker.java:84)\r\n\tat org.testng.TestNG.runSuitesSequentially(TestNG.java:1208)\r\n\tat org.testng.TestNG.runSuitesLocally(TestNG.java:1137)\r\n\tat org.testng.TestNG.runSuites(TestNG.java:1049)\r\n\tat org.testng.TestNG.run(TestNG.java:1017)\r\n\tat org.testng.remote.AbstractRemoteTestNG.run(AbstractRemoteTestNG.java:115)\r\n\tat org.testng.remote.RemoteTestNG.initAndRun(RemoteTestNG.java:251)\r\n\tat org.testng.remote.RemoteTestNG.main(RemoteTestNG.java:77)\r\nCaused by: java.io.FileNotFoundException: H:\\DATA\\Online_Class_23\\04-Maven Hybrid Framework\\browserLogs\\FirefoxLog.log (The system cannot find the path specified)\r\n\tat java.io.FileOutputStream.open0(Native Method)\r\n\tat java.io.FileOutputStream.open(FileOutputStream.java:270)\r\n\tat java.io.FileOutputStream.<init>(FileOutputStream.java:213)\r\n\tat java.io.FileOutputStream.<init>(FileOutputStream.java:101)\r\n\tat org.openqa.selenium.firefox.GeckoDriverService$Builder.createDriverService(GeckoDriverService.java:200)\r\n\t... 32 more\r\n"},"stage":"finished","description":"","steps":[],"attachments":[],"parameters":[],"start":1631861781801,"stop":1631861784720}],"afters":[{"name":"closeBrowser","status":"broken","statusDetails":{"known":false,"muted":false,"flaky":false,"message":"Empty command","trace":"java.lang.IllegalArgumentException: Empty command\r\n\tat java.lang.Runtime.exec(Runtime.java:444)\r\n\tat java.lang.Runtime.exec(Runtime.java:347)\r\n\tat commons.BaseTest.closeBrowserAndDriver(BaseTest.java:253)\r\n\tat com.nopcommerce.admin.Admin.closeBrowser(Admin.java:641)\r\n\tat sun.reflect.NativeMethodAccessorImpl.invoke0(Native Method)\r\n\tat sun.reflect.NativeMethodAccessorImpl.invoke(NativeMethodAccessorImpl.java:62)\r\n\tat sun.reflect.DelegatingMethodAccessorImpl.invoke(DelegatingMethodAccessorImpl.java:43)\r\n\tat java.lang.reflect.Method.invoke(Method.java:498)\r\n\tat org.testng.internal.MethodInvocationHelper.invokeMethod(MethodInvocationHelper.java:124)\r\n\tat org.testng.internal.MethodInvocationHelper.invokeMethodConsideringTimeout(MethodInvocationHelper.java:59)\r\n\tat org.testng.internal.Invoker.invokeConfigurationMethod(Invoker.java:458)\r\n\tat org.testng.internal.Invoker.invokeConfigurations(Invoker.java:222)\r\n\tat org.testng.internal.Invoker.invokeConfigurations(Invoker.java:142)\r\n\tat org.testng.internal.TestMethodWorker.invokeAfterClassMethods(TestMethodWorker.java:214)\r\n\tat org.testng.internal.TestMethodWorker.run(TestMethodWorker.java:111)\r\n\tat org.testng.TestRunner.privateRun(TestRunner.java:648)\r\n\tat org.testng.TestRunner.run(TestRunner.java:505)\r\n\tat org.testng.SuiteRunner.runTest(SuiteRunner.java:455)\r\n\tat org.testng.SuiteRunner.runSequentially(SuiteRunner.java:450)\r\n\tat org.testng.SuiteRunner.privateRun(SuiteRunner.java:415)\r\n\tat org.testng.SuiteRunner.run(SuiteRunner.java:364)\r\n\tat org.testng.SuiteRunnerWorker.runSuite(SuiteRunnerWorker.java:52)\r\n\tat org.testng.SuiteRunnerWorker.run(SuiteRunnerWorker.java:84)\r\n\tat org.testng.TestNG.runSuitesSequentially(TestNG.java:1208)\r\n\tat org.testng.TestNG.runSuitesLocally(TestNG.java:1137)\r\n\tat org.testng.TestNG.runSuites(TestNG.java:1049)\r\n\tat org.testng.TestNG.run(TestNG.java:1017)\r\n\tat org.testng.remote.AbstractRemoteTestNG.run(AbstractRemoteTestNG.java:115)\r\n\tat org.testng.remote.RemoteTestNG.initAndRun(RemoteTestNG.java:251)\r\n\tat org.testng.remote.RemoteTestNG.main(RemoteTestNG.java:77)\r\n"},"stage":"finished","description":"","steps":[],"attachments":[],"parameters":[],"start":1631861785065,"stop":1631861785067}],"links":[],"start":1631861781740,"stop":1631861785143}