{"uuid":"647a3be5-4432-40f9-b3e7-444401ea6587","name":"com.nopcommerce.admin.Admin","children":["9723cdfc-426f-478d-9665-d8a34fc745a3","25cb04ca-47d4-4782-b7cd-f749695f3e1e","40d77e13-89cb-4c38-ab3c-4303dd4db946","99ea3be0-dd38-43dc-adc0-286d2832c2e0","f3052b24-d468-40a6-9af8-9602beba463f","535b95a6-c6de-413c-b09a-4f121139f055","f26ddce9-1151-4fcc-b660-4bf2f436fa16","86b20392-8f60-4b89-b370-9c01c11a5df6","43a07c3c-5b83-47dd-8a7b-53c7a4623a5c","0559c4f4-a483-44d5-a9ef-b15ac69cae95","0384af4d-709f-4578-9e91-1575221c937b","fd087adf-6668-4b56-bb66-ab809f53a78b","c8959e91-2633-4be9-b2c0-cb5965d8b519","76b5d9ea-e5e8-4659-a2af-0a3502a366c4","996be7c8-0e67-4967-b5c9-5153f1c5e68b","57cb519a-865f-45cd-a285-c27c5c249eb4"],"befores":[{"name":"initBrowser","status":"broken","statusDetails":{"known":false,"muted":false,"flaky":false,"message":"java.io.FileNotFoundException: H:\\DATA\\Online_Class_23\\04-Maven Hybrid Framework\\browserLogs\\FirefoxLog.log (The system cannot find the path specified)\nBuild info: version: '3.141.59', revision: 'e82be7d358', time: '2018-11-14T08:17:03'\nSystem info: host: 'DESKTOP-AL3VMHN', ip: '192.168.250.11', os.name: 'Windows 10', os.arch: 'amd64', os.version: '10.0', java.version: '1.8.0_181'\nDriver info: driver.version: FirefoxDriver","trace":"org.openqa.selenium.WebDriverException: java.io.FileNotFoundException: H:\\DATA\\Online_Class_23\\04-Maven Hybrid Framework\\browserLogs\\FirefoxLog.log (The system cannot find the path specified)\nBuild info: version: '3.141.59', revision: 'e82be7d358', time: '2018-11-14T08:17:03'\nSystem info: host: 'DESKTOP-AL3VMHN', ip: '192.168.250.11', os.name: 'Windows 10', os.arch: 'amd64', os.version: '10.0', java.version: '1.8.0_181'\nDriver info: driver.version: FirefoxDriver\r\n\tat org.openqa.selenium.firefox.GeckoDriverService$Builder.createDriverService(GeckoDriverService.java:212)\r\n\tat org.openqa.selenium.firefox.GeckoDriverService$Builder.createDriverService(GeckoDriverService.java:114)\r\n\tat org.openqa.selenium.remote.service.DriverService$Builder.build(DriverService.java:360)\r\n\tat org.openqa.selenium.firefox.FirefoxDriver.toExecutor(FirefoxDriver.java:190)\r\n\tat org.openqa.selenium.firefox.FirefoxDriver.<init>(FirefoxDriver.java:147)\r\n\tat commons.BaseTest.getBrowser(BaseTest.java:86)\r\n\tat com.nopcommerce.admin.Admin.initBrowser(Admin.java:34)\r\n\tat sun.reflect.NativeMethodAccessorImpl.invoke0(Native Method)\r\n\tat sun.reflect.NativeMethodAccessorImpl.invoke(NativeMethodAccessorImpl.java:62)\r\n\tat sun.reflect.DelegatingMethodAccessorImpl.invoke(DelegatingMethodAccessorImpl.java:43)\r\n\tat java.lang.reflect.Method.invoke(Method.java:498)\r\n\tat org.testng.internal.MethodInvocationHelper.invokeMethod(MethodInvocationHelper.java:124)\r\n\tat org.testng.internal.MethodInvocationHelper.invokeMethodConsideringTimeout(MethodInvocationHelper.java:59)\r\n\tat org.testng.internal.Invoker.invokeConfigurationMethod(Invoker.java:458)\r\n\tat org.testng.internal.Invoker.invokeConfigurations(Invoker.java:222)\r\n\tat org.testng.internal.Invoker.invokeConfigurations(Invoker.java:142)\r\n\tat org.testng.internal.TestMethodWorker.invokeBeforeClassMethods(TestMethodWorker.java:168)\r\n\tat org.testng.internal.TestMethodWorker.run(TestMethodWorker.java:105)\r\n\tat org.testng.TestRunner.privateRun(TestRunner.java:648)\r\n\tat org.testng.TestRunner.run(TestRunner.java:505)\r\n\tat org.testng.SuiteRunner.runTest(SuiteRunner.java:455)\r\n\tat org.testng.SuiteRunner.runSequentially(SuiteRunner.java:450)\r\n\tat org.testng.SuiteRunner.privateRun(SuiteRunner.java:415)\r\n\tat org.testng.SuiteRunner.run(SuiteRunner.java:364)\r\n\tat org.testng.SuiteRunnerWorker.runSuite(SuiteRunnerWorker.java:52)\r\n\tat org.testng.SuiteRunnerWorker.run(SuiteRunnerWorker.java:84)\r\n\tat org.testng.TestNG.runSuitesSequentially(TestNG.java:1208)\r\n\tat org.testng.TestNG.runSuitesLocally(TestNG.java:1137)\r\n\tat org.testng.TestNG.runSuites(TestNG.java:1049)\r\n\tat org.testng.TestNG.run(TestNG.java:1017)\r\n\tat org.testng.remote.AbstractRemoteTestNG.run(AbstractRemoteTestNG.java:115)\r\n\tat org.testng.remote.RemoteTestNG.initAndRun(RemoteTestNG.java:251)\r\n\tat org.testng.remote.RemoteTestNG.main(RemoteTestNG.java:77)\r\nCaused by: java.io.FileNotFoundException: H:\\DATA\\Online_Class_23\\04-Maven Hybrid Framework\\browserLogs\\FirefoxLog.log (The system cannot find the path specified)\r\n\tat java.io.FileOutputStream.open0(Native Method)\r\n\tat java.io.FileOutputStream.open(FileOutputStream.java:270)\r\n\tat java.io.FileOutputStream.<init>(FileOutputStream.java:213)\r\n\tat java.io.FileOutputStream.<init>(FileOutputStream.java:101)\r\n\tat org.openqa.selenium.firefox.GeckoDriverService$Builder.createDriverService(GeckoDriverService.java:200)\r\n\t... 32 more\r\n"},"stage":"finished","description":"","steps":[],"attachments":[],"parameters":[],"start":1631861752080,"stop":1631861755299}],"afters":[{"name":"closeBrowser","status":"broken","statusDetails":{"known":false,"muted":false,"flaky":false,"message":"Empty command","trace":"java.lang.IllegalArgumentException: Empty command\r\n\tat java.lang.Runtime.exec(Runtime.java:444)\r\n\tat java.lang.Runtime.exec(Runtime.java:347)\r\n\tat commons.BaseTest.closeBrowserAndDriver(BaseTest.java:253)\r\n\tat com.nopcommerce.admin.Admin.closeBrowser(Admin.java:641)\r\n\tat sun.reflect.NativeMethodAccessorImpl.invoke0(Native Method)\r\n\tat sun.reflect.NativeMethodAccessorImpl.invoke(NativeMethodAccessorImpl.java:62)\r\n\tat sun.reflect.DelegatingMethodAccessorImpl.invoke(DelegatingMethodAccessorImpl.java:43)\r\n\tat java.lang.reflect.Method.invoke(Method.java:498)\r\n\tat org.testng.internal.MethodInvocationHelper.invokeMethod(MethodInvocationHelper.java:124)\r\n\tat org.testng.internal.MethodInvocationHelper.invokeMethodConsideringTimeout(MethodInvocationHelper.java:59)\r\n\tat org.testng.internal.Invoker.invokeConfigurationMethod(Invoker.java:458)\r\n\tat org.testng.internal.Invoker.invokeConfigurations(Invoker.java:222)\r\n\tat org.testng.internal.Invoker.invokeConfigurations(Invoker.java:142)\r\n\tat org.testng.internal.TestMethodWorker.invokeAfterClassMethods(TestMethodWorker.java:214)\r\n\tat org.testng.internal.TestMethodWorker.run(TestMethodWorker.java:111)\r\n\tat org.testng.TestRunner.privateRun(TestRunner.java:648)\r\n\tat org.testng.TestRunner.run(TestRunner.java:505)\r\n\tat org.testng.SuiteRunner.runTest(SuiteRunner.java:455)\r\n\tat org.testng.SuiteRunner.runSequentially(SuiteRunner.java:450)\r\n\tat org.testng.SuiteRunner.privateRun(SuiteRunner.java:415)\r\n\tat org.testng.SuiteRunner.run(SuiteRunner.java:364)\r\n\tat org.testng.SuiteRunnerWorker.runSuite(SuiteRunnerWorker.java:52)\r\n\tat org.testng.SuiteRunnerWorker.run(SuiteRunnerWorker.java:84)\r\n\tat org.testng.TestNG.runSuitesSequentially(TestNG.java:1208)\r\n\tat org.testng.TestNG.runSuitesLocally(TestNG.java:1137)\r\n\tat org.testng.TestNG.runSuites(TestNG.java:1049)\r\n\tat org.testng.TestNG.run(TestNG.java:1017)\r\n\tat org.testng.remote.AbstractRemoteTestNG.run(AbstractRemoteTestNG.java:115)\r\n\tat org.testng.remote.RemoteTestNG.initAndRun(RemoteTestNG.java:251)\r\n\tat org.testng.remote.RemoteTestNG.main(RemoteTestNG.java:77)\r\n"},"stage":"finished","description":"","steps":[],"attachments":[],"parameters":[],"start":1631861755660,"stop":1631861755661}],"links":[],"start":1631861752022,"stop":1631861755734}