<?xml version="1.0" encoding="UTF-8"?>
<testsuite xmlns:xsi="http://www.w3.org/2001/XMLSchema-instance" xsi:noNamespaceSchemaLocation="https://maven.apache.org/surefire/maven-surefire-plugin/xsd/surefire-test-report.xsd" name="TestSuite" time="1,562.936" tests="192" errors="0" skipped="0" failures="16">
  <properties>
    <property name="sun.desktop" value="windows"/>
    <property name="awt.toolkit" value="sun.awt.windows.WToolkit"/>
    <property name="file.encoding.pkg" value="sun.io"/>
    <property name="java.specification.version" value="1.8"/>
    <property name="sun.cpu.isalist" value="amd64"/>
    <property name="sun.jnu.encoding" value="Cp1252"/>
    <property name="java.class.path" value="H:\DATA\Online_Class_23\04-Maven Hybrid Framework\target\test-classes;H:\DATA\Online_Class_23\04-Maven Hybrid Framework\target\classes;C:\Users\HP95\.m2\repository\org\testng\testng\6.14.3\testng-6.14.3.jar;C:\Users\HP95\.m2\repository\com\beust\jcommander\1.72\jcommander-1.72.jar;C:\Users\HP95\.m2\repository\org\apache-extras\beanshell\bsh\2.0b6\bsh-2.0b6.jar;C:\Users\HP95\.m2\repository\org\seleniumhq\selenium\selenium-java\3.141.59\selenium-java-3.141.59.jar;C:\Users\HP95\.m2\repository\org\seleniumhq\selenium\selenium-api\3.141.59\selenium-api-3.141.59.jar;C:\Users\HP95\.m2\repository\org\seleniumhq\selenium\selenium-chrome-driver\3.141.59\selenium-chrome-driver-3.141.59.jar;C:\Users\HP95\.m2\repository\org\seleniumhq\selenium\selenium-edge-driver\3.141.59\selenium-edge-driver-3.141.59.jar;C:\Users\HP95\.m2\repository\org\seleniumhq\selenium\selenium-firefox-driver\3.141.59\selenium-firefox-driver-3.141.59.jar;C:\Users\HP95\.m2\repository\org\seleniumhq\selenium\selenium-ie-driver\3.141.59\selenium-ie-driver-3.141.59.jar;C:\Users\HP95\.m2\repository\org\seleniumhq\selenium\selenium-opera-driver\3.141.59\selenium-opera-driver-3.141.59.jar;C:\Users\HP95\.m2\repository\org\seleniumhq\selenium\selenium-remote-driver\3.141.59\selenium-remote-driver-3.141.59.jar;C:\Users\HP95\.m2\repository\org\seleniumhq\selenium\selenium-safari-driver\3.141.59\selenium-safari-driver-3.141.59.jar;C:\Users\HP95\.m2\repository\net\bytebuddy\byte-buddy\1.8.15\byte-buddy-1.8.15.jar;C:\Users\HP95\.m2\repository\org\apache\commons\commons-exec\1.3\commons-exec-1.3.jar;C:\Users\HP95\.m2\repository\com\google\guava\guava\25.0-jre\guava-25.0-jre.jar;C:\Users\HP95\.m2\repository\com\google\code\findbugs\jsr305\1.3.9\jsr305-1.3.9.jar;C:\Users\HP95\.m2\repository\org\checkerframework\checker-compat-qual\2.0.0\checker-compat-qual-2.0.0.jar;C:\Users\HP95\.m2\repository\com\google\errorprone\error_prone_annotations\2.1.3\error_prone_annotations-2.1.3.jar;C:\Users\HP95\.m2\repository\com\google\j2objc\j2objc-annotations\1.1\j2objc-annotations-1.1.jar;C:\Users\HP95\.m2\repository\org\codehaus\mojo\animal-sniffer-annotations\1.14\animal-sniffer-annotations-1.14.jar;C:\Users\HP95\.m2\repository\com\squareup\okhttp3\okhttp\3.11.0\okhttp-3.11.0.jar;C:\Users\HP95\.m2\repository\com\squareup\okio\okio\1.14.0\okio-1.14.0.jar;C:\Users\HP95\.m2\repository\org\seleniumhq\selenium\selenium-support\3.141.59\selenium-support-3.141.59.jar;C:\Users\HP95\.m2\repository\io\github\bonigarcia\webdrivermanager\4.2.2\webdrivermanager-4.2.2.jar;C:\Users\HP95\.m2\repository\commons-io\commons-io\2.8.0\commons-io-2.8.0.jar;C:\Users\HP95\.m2\repository\com\google\code\gson\gson\2.8.6\gson-2.8.6.jar;C:\Users\HP95\.m2\repository\org\apache\commons\commons-lang3\3.11\commons-lang3-3.11.jar;C:\Users\HP95\.m2\repository\org\apache\httpcomponents\client5\httpclient5\5.0.1\httpclient5-5.0.1.jar;C:\Users\HP95\.m2\repository\org\apache\httpcomponents\core5\httpcore5\5.0.1\httpcore5-5.0.1.jar;C:\Users\HP95\.m2\repository\org\apache\httpcomponents\core5\httpcore5-h2\5.0.1\httpcore5-h2-5.0.1.jar;C:\Users\HP95\.m2\repository\commons-codec\commons-codec\1.13\commons-codec-1.13.jar;C:\Users\HP95\.m2\repository\org\rauschig\jarchivelib\1.1.0\jarchivelib-1.1.0.jar;C:\Users\HP95\.m2\repository\org\apache\commons\commons-compress\1.20\commons-compress-1.20.jar;C:\Users\HP95\.m2\repository\org\jsoup\jsoup\1.13.1\jsoup-1.13.1.jar;C:\Users\HP95\.m2\repository\org\uncommons\reportng\1.1.4\reportng-1.1.4.jar;C:\Users\HP95\.m2\repository\velocity\velocity\1.4\velocity-1.4.jar;C:\Users\HP95\.m2\repository\com\fasterxml\jackson\core\jackson-core\2.9.4\jackson-core-2.9.4.jar;C:\Users\HP95\.m2\repository\com\fasterxml\jackson\core\jackson-databind\2.9.4\jackson-databind-2.9.4.jar;C:\Users\HP95\.m2\repository\com\fasterxml\jackson\core\jackson-annotations\2.9.0\jackson-annotations-2.9.0.jar;C:\Users\HP95\.m2\repository\com\aventstack\extentreports\4.0.9\extentreports-4.0.9.jar;C:\Users\HP95\.m2\repository\org\freemarker\freemarker\2.3.23\freemarker-2.3.23.jar;C:\Users\HP95\.m2\repository\org\mongodb\mongodb-driver\3.3.0\mongodb-driver-3.3.0.jar;C:\Users\HP95\.m2\repository\org\mongodb\mongodb-driver-core\3.3.0\mongodb-driver-core-3.3.0.jar;C:\Users\HP95\.m2\repository\org\mongodb\bson\3.3.0\bson-3.3.0.jar;C:\Users\HP95\.m2\repository\org\apache\httpcomponents\httpclient\4.5.2\httpclient-4.5.2.jar;C:\Users\HP95\.m2\repository\org\apache\httpcomponents\httpcore\4.4.4\httpcore-4.4.4.jar;C:\Users\HP95\.m2\repository\org\apache\httpcomponents\httpmime\4.5.2\httpmime-4.5.2.jar;C:\Users\HP95\.m2\repository\joda-time\joda-time\2.0\joda-time-2.0.jar;C:\Users\HP95\.m2\repository\log4j\log4j\1.2.16\log4j-1.2.16.jar;C:\Users\HP95\.m2\repository\org\slf4j\slf4j-api\1.7.24\slf4j-api-1.7.24.jar;C:\Users\HP95\.m2\repository\velocity\velocity-dep\1.4\velocity-dep-1.4.jar;C:\Users\HP95\.m2\repository\com\google\inject\guice\4.1.0\guice-4.1.0.jar;C:\Users\HP95\.m2\repository\javax\inject\javax.inject\1\javax.inject-1.jar;C:\Users\HP95\.m2\repository\aopalliance\aopalliance\1.0\aopalliance-1.0.jar;C:\Users\HP95\.m2\repository\commons-logging\commons-logging\1.2\commons-logging-1.2.jar;C:\Users\HP95\.m2\repository\commons-collections\commons-collections\3.2.1\commons-collections-3.2.1.jar;C:\Users\HP95\.m2\repository\com\github\javafaker\javafaker\1.0.2\javafaker-1.0.2.jar;C:\Users\HP95\.m2\repository\org\yaml\snakeyaml\1.23\snakeyaml-1.23-android.jar;C:\Users\HP95\.m2\repository\com\github\mifmif\generex\1.0.2\generex-1.0.2.jar;C:\Users\HP95\.m2\repository\dk\brics\automaton\automaton\1.11-8\automaton-1.11-8.jar;C:\Users\HP95\.m2\repository\io\qameta\allure\allure-testng\2.13.5\allure-testng-2.13.5.jar;C:\Users\HP95\.m2\repository\io\qameta\allure\allure-java-commons\2.13.5\allure-java-commons-2.13.5.jar;C:\Users\HP95\.m2\repository\io\qameta\allure\allure-model\2.13.5\allure-model-2.13.5.jar;C:\Users\HP95\.m2\repository\org\apache\tika\tika-core\1.20\tika-core-1.20.jar;C:\Users\HP95\.m2\repository\org\jooq\joor-java-8\0.9.10\joor-java-8-0.9.10.jar;C:\Users\HP95\.m2\repository\org\aspectj\aspectjweaver\1.8.10\aspectjweaver-1.8.10.jar;"/>
    <property name="java.vm.vendor" value="Oracle Corporation"/>
    <property name="sun.arch.data.model" value="64"/>
    <property name="user.variant" value=""/>
    <property name="java.vendor.url" value="http://java.oracle.com/"/>
    <property name="user.timezone" value="Asia/Bangkok"/>
    <property name="java.vm.specification.version" value="1.8"/>
    <property name="os.name" value="Windows 10"/>
    <property name="user.country" value="US"/>
    <property name="sun.java.launcher" value="SUN_STANDARD"/>
    <property name="sun.boot.library.path" value="C:\Program Files\Java\jdk1.8.0_181\jre\bin"/>
    <property name="sun.java.command" value="C:\Users\HP95\AppData\Local\Temp\surefire3595970296815870226\surefirebooter3875078652114447051.jar C:\Users\HP95\AppData\Local\Temp\surefire3595970296815870226 2021-09-17T16-16-01_413-jvmRun1 surefire5161601826403212772tmp surefire_0898501621180055580tmp"/>
    <property name="surefire.test.class.path" value="H:\DATA\Online_Class_23\04-Maven Hybrid Framework\target\test-classes;H:\DATA\Online_Class_23\04-Maven Hybrid Framework\target\classes;C:\Users\HP95\.m2\repository\org\testng\testng\6.14.3\testng-6.14.3.jar;C:\Users\HP95\.m2\repository\com\beust\jcommander\1.72\jcommander-1.72.jar;C:\Users\HP95\.m2\repository\org\apache-extras\beanshell\bsh\2.0b6\bsh-2.0b6.jar;C:\Users\HP95\.m2\repository\org\seleniumhq\selenium\selenium-java\3.141.59\selenium-java-3.141.59.jar;C:\Users\HP95\.m2\repository\org\seleniumhq\selenium\selenium-api\3.141.59\selenium-api-3.141.59.jar;C:\Users\HP95\.m2\repository\org\seleniumhq\selenium\selenium-chrome-driver\3.141.59\selenium-chrome-driver-3.141.59.jar;C:\Users\HP95\.m2\repository\org\seleniumhq\selenium\selenium-edge-driver\3.141.59\selenium-edge-driver-3.141.59.jar;C:\Users\HP95\.m2\repository\org\seleniumhq\selenium\selenium-firefox-driver\3.141.59\selenium-firefox-driver-3.141.59.jar;C:\Users\HP95\.m2\repository\org\seleniumhq\selenium\selenium-ie-driver\3.141.59\selenium-ie-driver-3.141.59.jar;C:\Users\HP95\.m2\repository\org\seleniumhq\selenium\selenium-opera-driver\3.141.59\selenium-opera-driver-3.141.59.jar;C:\Users\HP95\.m2\repository\org\seleniumhq\selenium\selenium-remote-driver\3.141.59\selenium-remote-driver-3.141.59.jar;C:\Users\HP95\.m2\repository\org\seleniumhq\selenium\selenium-safari-driver\3.141.59\selenium-safari-driver-3.141.59.jar;C:\Users\HP95\.m2\repository\net\bytebuddy\byte-buddy\1.8.15\byte-buddy-1.8.15.jar;C:\Users\HP95\.m2\repository\org\apache\commons\commons-exec\1.3\commons-exec-1.3.jar;C:\Users\HP95\.m2\repository\com\google\guava\guava\25.0-jre\guava-25.0-jre.jar;C:\Users\HP95\.m2\repository\com\google\code\findbugs\jsr305\1.3.9\jsr305-1.3.9.jar;C:\Users\HP95\.m2\repository\org\checkerframework\checker-compat-qual\2.0.0\checker-compat-qual-2.0.0.jar;C:\Users\HP95\.m2\repository\com\google\errorprone\error_prone_annotations\2.1.3\error_prone_annotations-2.1.3.jar;C:\Users\HP95\.m2\repository\com\google\j2objc\j2objc-annotations\1.1\j2objc-annotations-1.1.jar;C:\Users\HP95\.m2\repository\org\codehaus\mojo\animal-sniffer-annotations\1.14\animal-sniffer-annotations-1.14.jar;C:\Users\HP95\.m2\repository\com\squareup\okhttp3\okhttp\3.11.0\okhttp-3.11.0.jar;C:\Users\HP95\.m2\repository\com\squareup\okio\okio\1.14.0\okio-1.14.0.jar;C:\Users\HP95\.m2\repository\org\seleniumhq\selenium\selenium-support\3.141.59\selenium-support-3.141.59.jar;C:\Users\HP95\.m2\repository\io\github\bonigarcia\webdrivermanager\4.2.2\webdrivermanager-4.2.2.jar;C:\Users\HP95\.m2\repository\commons-io\commons-io\2.8.0\commons-io-2.8.0.jar;C:\Users\HP95\.m2\repository\com\google\code\gson\gson\2.8.6\gson-2.8.6.jar;C:\Users\HP95\.m2\repository\org\apache\commons\commons-lang3\3.11\commons-lang3-3.11.jar;C:\Users\HP95\.m2\repository\org\apache\httpcomponents\client5\httpclient5\5.0.1\httpclient5-5.0.1.jar;C:\Users\HP95\.m2\repository\org\apache\httpcomponents\core5\httpcore5\5.0.1\httpcore5-5.0.1.jar;C:\Users\HP95\.m2\repository\org\apache\httpcomponents\core5\httpcore5-h2\5.0.1\httpcore5-h2-5.0.1.jar;C:\Users\HP95\.m2\repository\commons-codec\commons-codec\1.13\commons-codec-1.13.jar;C:\Users\HP95\.m2\repository\org\rauschig\jarchivelib\1.1.0\jarchivelib-1.1.0.jar;C:\Users\HP95\.m2\repository\org\apache\commons\commons-compress\1.20\commons-compress-1.20.jar;C:\Users\HP95\.m2\repository\org\jsoup\jsoup\1.13.1\jsoup-1.13.1.jar;C:\Users\HP95\.m2\repository\org\uncommons\reportng\1.1.4\reportng-1.1.4.jar;C:\Users\HP95\.m2\repository\velocity\velocity\1.4\velocity-1.4.jar;C:\Users\HP95\.m2\repository\com\fasterxml\jackson\core\jackson-core\2.9.4\jackson-core-2.9.4.jar;C:\Users\HP95\.m2\repository\com\fasterxml\jackson\core\jackson-databind\2.9.4\jackson-databind-2.9.4.jar;C:\Users\HP95\.m2\repository\com\fasterxml\jackson\core\jackson-annotations\2.9.0\jackson-annotations-2.9.0.jar;C:\Users\HP95\.m2\repository\com\aventstack\extentreports\4.0.9\extentreports-4.0.9.jar;C:\Users\HP95\.m2\repository\org\freemarker\freemarker\2.3.23\freemarker-2.3.23.jar;C:\Users\HP95\.m2\repository\org\mongodb\mongodb-driver\3.3.0\mongodb-driver-3.3.0.jar;C:\Users\HP95\.m2\repository\org\mongodb\mongodb-driver-core\3.3.0\mongodb-driver-core-3.3.0.jar;C:\Users\HP95\.m2\repository\org\mongodb\bson\3.3.0\bson-3.3.0.jar;C:\Users\HP95\.m2\repository\org\apache\httpcomponents\httpclient\4.5.2\httpclient-4.5.2.jar;C:\Users\HP95\.m2\repository\org\apache\httpcomponents\httpcore\4.4.4\httpcore-4.4.4.jar;C:\Users\HP95\.m2\repository\org\apache\httpcomponents\httpmime\4.5.2\httpmime-4.5.2.jar;C:\Users\HP95\.m2\repository\joda-time\joda-time\2.0\joda-time-2.0.jar;C:\Users\HP95\.m2\repository\log4j\log4j\1.2.16\log4j-1.2.16.jar;C:\Users\HP95\.m2\repository\org\slf4j\slf4j-api\1.7.24\slf4j-api-1.7.24.jar;C:\Users\HP95\.m2\repository\velocity\velocity-dep\1.4\velocity-dep-1.4.jar;C:\Users\HP95\.m2\repository\com\google\inject\guice\4.1.0\guice-4.1.0.jar;C:\Users\HP95\.m2\repository\javax\inject\javax.inject\1\javax.inject-1.jar;C:\Users\HP95\.m2\repository\aopalliance\aopalliance\1.0\aopalliance-1.0.jar;C:\Users\HP95\.m2\repository\commons-logging\commons-logging\1.2\commons-logging-1.2.jar;C:\Users\HP95\.m2\repository\commons-collections\commons-collections\3.2.1\commons-collections-3.2.1.jar;C:\Users\HP95\.m2\repository\com\github\javafaker\javafaker\1.0.2\javafaker-1.0.2.jar;C:\Users\HP95\.m2\repository\org\yaml\snakeyaml\1.23\snakeyaml-1.23-android.jar;C:\Users\HP95\.m2\repository\com\github\mifmif\generex\1.0.2\generex-1.0.2.jar;C:\Users\HP95\.m2\repository\dk\brics\automaton\automaton\1.11-8\automaton-1.11-8.jar;C:\Users\HP95\.m2\repository\io\qameta\allure\allure-testng\2.13.5\allure-testng-2.13.5.jar;C:\Users\HP95\.m2\repository\io\qameta\allure\allure-java-commons\2.13.5\allure-java-commons-2.13.5.jar;C:\Users\HP95\.m2\repository\io\qameta\allure\allure-model\2.13.5\allure-model-2.13.5.jar;C:\Users\HP95\.m2\repository\org\apache\tika\tika-core\1.20\tika-core-1.20.jar;C:\Users\HP95\.m2\repository\org\jooq\joor-java-8\0.9.10\joor-java-8-0.9.10.jar;C:\Users\HP95\.m2\repository\org\aspectj\aspectjweaver\1.8.10\aspectjweaver-1.8.10.jar;"/>
    <property name="sun.cpu.endian" value="little"/>
    <property name="user.home" value="C:\Users\HP95"/>
    <property name="user.language" value="en"/>
    <property name="java.specification.vendor" value="Oracle Corporation"/>
    <property name="java.home" value="C:\Program Files\Java\jdk1.8.0_181\jre"/>
    <property name="basedir" value="H:\DATA\Online_Class_23\04-Maven Hybrid Framework"/>
    <property name="file.separator" value="\"/>
    <property name="line.separator" value="&#10;"/>
    <property name="java.vm.specification.vendor" value="Oracle Corporation"/>
    <property name="java.specification.name" value="Java Platform API Specification"/>
    <property name="java.awt.graphicsenv" value="sun.awt.Win32GraphicsEnvironment"/>
    <property name="surefire.real.class.path" value="C:\Users\HP95\AppData\Local\Temp\surefire3595970296815870226\surefirebooter3875078652114447051.jar;C:\Users\HP95\.m2\repository/org/aspectj/aspectjweaver/1.8.10/aspectjweaver-1.8.10.jar"/>
    <property name="sun.boot.class.path" value="C:\Program Files\Java\jdk1.8.0_181\jre\lib\resources.jar;C:\Program Files\Java\jdk1.8.0_181\jre\lib\rt.jar;C:\Program Files\Java\jdk1.8.0_181\jre\lib\sunrsasign.jar;C:\Program Files\Java\jdk1.8.0_181\jre\lib\jsse.jar;C:\Program Files\Java\jdk1.8.0_181\jre\lib\jce.jar;C:\Program Files\Java\jdk1.8.0_181\jre\lib\charsets.jar;C:\Program Files\Java\jdk1.8.0_181\jre\lib\jfr.jar;C:\Program Files\Java\jdk1.8.0_181\jre\classes"/>
    <property name="user.script" value=""/>
    <property name="sun.management.compiler" value="HotSpot 64-Bit Tiered Compilers"/>
    <property name="java.runtime.version" value="1.8.0_181-b13"/>
    <property name="user.name" value="HP95"/>
    <property name="path.separator" value=";"/>
    <property name="os.version" value="10.0"/>
    <property name="java.endorsed.dirs" value="C:\Program Files\Java\jdk1.8.0_181\jre\lib\endorsed"/>
    <property name="java.runtime.name" value="Java(TM) SE Runtime Environment"/>
    <property name="file.encoding" value="Cp1252"/>
    <property name="java.vm.name" value="Java HotSpot(TM) 64-Bit Server VM"/>
    <property name="localRepository" value="C:\Users\HP95\.m2\repository"/>
    <property name="java.vendor.url.bug" value="http://bugreport.sun.com/bugreport/"/>
    <property name="java.io.tmpdir" value="C:\Users\HP95\AppData\Local\Temp\"/>
    <property name="java.version" value="1.8.0_181"/>
    <property name="user.dir" value="H:\DATA\Online_Class_23\04-Maven Hybrid Framework"/>
    <property name="os.arch" value="amd64"/>
    <property name="java.vm.specification.name" value="Java Virtual Machine Specification"/>
    <property name="java.awt.printerjob" value="sun.awt.windows.WPrinterJob"/>
    <property name="sun.os.patch.level" value=""/>
    <property name="java.library.path" value="C:\Program Files\Java\jdk1.8.0_181\jre\bin;C:\WINDOWS\Sun\Java\bin;C:\WINDOWS\system32;C:\WINDOWS;C:\Python27\;C:\Python27\Scripts;C:\WINDOWS\system32;C:\WINDOWS;C:\WINDOWS\System32\Wbem;C:\WINDOWS\System32\WindowsPowerShell\v1.0\;C:\ProgramData\chocolatey\bin;C:\Program Files\Java\jdk1.8.0_181\bin;C:\Program Files\Java\jdk1.8.0_181\bin;C:\Program Files (x86)\Yarn\bin\;C:\Program Files\Microsoft VS Code\bin;C:\Program Files\Git\cmd;C:\WINDOWS\System32\OpenSSH\;C:\Users\HP95\AppData\Local\Android\Sdk\platforms;C:\Users\HP95\AppData\Local\Android\Sdk\platform-tools;C:\maven 3.8.2\apache-maven-3.8.2\bin;C:\Program Files\TortoiseGit\bin;C:\Program Files\Microsoft SQL Server\Client SDK\ODBC\170\Tools\Binn\;C:\Program Files (x86)\Microsoft SQL Server\150\Tools\Binn\;C:\Program Files\Microsoft SQL Server\150\Tools\Binn\;C:\Program Files\Microsoft SQL Server\150\DTS\Binn\;C:\Program Files (x86)\Microsoft SQL Server\150\DTS\Binn\;C:\Program Files\Azure Data Studio\bin;C:\Program Files\nodejs\;C:\Users\HP95\AppData\Local\Android\Sdk\platform-tools;C:\Users\HP95\AppData\Local\Android\Sdk\tools;C:\Users\HP95\AppData\Local\Android\Sdk\tools\bin;C:\Users\HP95\AppData\Local\Microsoft\WindowsApps;C:\Users\HP95\AppData\Local\Yarn\bin;C:\Users\HP95\AppData\Local\Android\Sdk\platform-tools;C:\Users\HP95\AppData\Local\Android\Sdk\platforms;;C:\Program Files\Azure Data Studio\bin;C:\Users\HP95\AppData\Roaming\npm;."/>
    <property name="java.vm.info" value="mixed mode"/>
    <property name="java.vendor" value="Oracle Corporation"/>
    <property name="java.vm.version" value="25.181-b13"/>
    <property name="java.ext.dirs" value="C:\Program Files\Java\jdk1.8.0_181\jre\lib\ext;C:\WINDOWS\Sun\Java\lib\ext"/>
    <property name="sun.io.unicode.encoding" value="UnicodeLittle"/>
    <property name="java.class.version" value="52.0"/>
  </properties>
  <testcase name="New_Customer_01_Validate_Name_01_Not_Empty" classname="com.bankguru.customer.New_Customer_01_Validate_Name" time="0.838"/>
  <testcase name="New_Customer_01_Validate_Name_01_Not_Empty" classname="com.bankguru.customer.New_Customer_01_Validate_Name" time="0.763"/>
  <testcase name="New_Customer_01_Validate_Name_01_Not_Empty" classname="com.bankguru.customer.New_Customer_01_Validate_Name" time="0.777"/>
  <testcase name="New_Customer_01_Validate_Name_02_Not_Numeric" classname="com.bankguru.customer.New_Customer_01_Validate_Name" time="1.879"/>
  <testcase name="New_Customer_01_Validate_Name_02_Not_Numeric" classname="com.bankguru.customer.New_Customer_01_Validate_Name" time="0.518"/>
  <testcase name="New_Customer_01_Validate_Name_02_Not_Numeric" classname="com.bankguru.customer.New_Customer_01_Validate_Name" time="0.539"/>
  <testcase name="New_Customer_01_Validate_Name_03_Not_Special_Characters" classname="com.bankguru.customer.New_Customer_01_Validate_Name" time="1.988"/>
  <testcase name="New_Customer_01_Validate_Name_03_Not_Special_Characters" classname="com.bankguru.customer.New_Customer_01_Validate_Name" time="0.515"/>
  <testcase name="New_Customer_01_Validate_Name_03_Not_Special_Characters" classname="com.bankguru.customer.New_Customer_01_Validate_Name" time="0.546"/>
  <testcase name="New_Customer_01_Validate_Name_04_Not_First_Character_Blank" classname="com.bankguru.customer.New_Customer_01_Validate_Name" time="1.932"/>
  <testcase name="New_Customer_01_Validate_Name_04_Not_First_Character_Blank" classname="com.bankguru.customer.New_Customer_01_Validate_Name" time="0.514"/>
  <testcase name="New_Customer_01_Validate_Name_04_Not_First_Character_Blank" classname="com.bankguru.customer.New_Customer_01_Validate_Name" time="0.526"/>
  <testcase name="New_Customer_02_Validate_Address_05_Address_Not_Empty" classname="com.bankguru.customer.New_Customer_02_Validate_Address" time="1.747"/>
  <testcase name="New_Customer_02_Validate_Address_05_Address_Not_Empty" classname="com.bankguru.customer.New_Customer_02_Validate_Address" time="1.81"/>
  <testcase name="New_Customer_02_Validate_Address_05_Address_Not_Empty" classname="com.bankguru.customer.New_Customer_02_Validate_Address" time="1.781"/>
  <testcase name="New_Customer_02_Validate_Address_06_Address_Not_First_Character_Blank" classname="com.bankguru.customer.New_Customer_02_Validate_Address" time="2.061"/>
  <testcase name="New_Customer_02_Validate_Address_06_Address_Not_First_Character_Blank" classname="com.bankguru.customer.New_Customer_02_Validate_Address" time="0.599"/>
  <testcase name="New_Customer_02_Validate_Address_06_Address_Not_First_Character_Blank" classname="com.bankguru.customer.New_Customer_02_Validate_Address" time="0.589"/>
  <testcase name="New_Customer_03_Validate_City_08_Not_Empty" classname="com.bankguru.customer.New_Customer_03_Validate_City" time="0.689"/>
  <testcase name="New_Customer_03_Validate_City_08_Not_Empty" classname="com.bankguru.customer.New_Customer_03_Validate_City" time="0.746"/>
  <testcase name="New_Customer_03_Validate_City_08_Not_Empty" classname="com.bankguru.customer.New_Customer_03_Validate_City" time="0.829"/>
  <testcase name="New_Customer_03_Validate_City_09_Not_Numeric" classname="com.bankguru.customer.New_Customer_03_Validate_City" time="2.054"/>
  <testcase name="New_Customer_03_Validate_City_09_Not_Numeric" classname="com.bankguru.customer.New_Customer_03_Validate_City" time="0.526"/>
  <testcase name="New_Customer_03_Validate_City_09_Not_Numeric" classname="com.bankguru.customer.New_Customer_03_Validate_City" time="0.547"/>
  <testcase name="New_Customer_03_Validate_City_10_Not_Special_Characters" classname="com.bankguru.customer.New_Customer_03_Validate_City" time="1.835"/>
  <testcase name="New_Customer_03_Validate_City_10_Not_Special_Characters" classname="com.bankguru.customer.New_Customer_03_Validate_City" time="0.553"/>
  <testcase name="New_Customer_03_Validate_City_10_Not_Special_Characters" classname="com.bankguru.customer.New_Customer_03_Validate_City" time="0.53"/>
  <testcase name="New_Customer_03_Validate_City_11_Not_First_Character_Blank" classname="com.bankguru.customer.New_Customer_03_Validate_City" time="1.786"/>
  <testcase name="New_Customer_03_Validate_City_11_Not_First_Character_Blank" classname="com.bankguru.customer.New_Customer_03_Validate_City" time="0.534"/>
  <testcase name="New_Customer_03_Validate_City_11_Not_First_Character_Blank" classname="com.bankguru.customer.New_Customer_03_Validate_City" time="0.542"/>
  <testcase name="Register_00_All_Info_Correct" classname="com.nopcommerce.register.Register_Account" time="5.992"/>
  <testcase name="Register_00_All_Info_Correct" classname="com.nopcommerce.register.Register_Account" time="6.149"/>
  <testcase name="Register_00_All_Info_Correct" classname="com.nopcommerce.register.Register_Account" time="6.056"/>
  <testcase name="Register_01_Empty_Data" classname="com.nopcommerce.register.Register_Account" time="1.989"/>
  <testcase name="Register_01_Empty_Data" classname="com.nopcommerce.register.Register_Account" time="2.028"/>
  <testcase name="Register_01_Empty_Data" classname="com.nopcommerce.register.Register_Account" time="2.433"/>
  <testcase name="Register_02_Invalid_Email" classname="com.nopcommerce.register.Register_Account" time="1.606"/>
  <testcase name="Register_02_Invalid_Email" classname="com.nopcommerce.register.Register_Account" time="2.199"/>
  <testcase name="Register_02_Invalid_Email" classname="com.nopcommerce.register.Register_Account" time="1.388"/>
  <testcase name="Register_03_Email_Exist" classname="com.nopcommerce.register.Register_Account" time="1.401"/>
  <testcase name="Register_03_Email_Exist" classname="com.nopcommerce.register.Register_Account" time="2.265"/>
  <testcase name="Register_03_Email_Exist" classname="com.nopcommerce.register.Register_Account" time="2.215"/>
  <testcase name="Register_04_Password_Less_Than_Six_Characters" classname="com.nopcommerce.register.Register_Account" time="1.221"/>
  <testcase name="Register_04_Password_Less_Than_Six_Characters" classname="com.nopcommerce.register.Register_Account" time="1.144"/>
  <testcase name="Register_04_Password_Less_Than_Six_Characters" classname="com.nopcommerce.register.Register_Account" time="1.081"/>
  <testcase name="Register_05_Password_Not_Match_ConfimPassword" classname="com.nopcommerce.register.Register_Account" time="2.233"/>
  <testcase name="Register_05_Password_Not_Match_ConfimPassword" classname="com.nopcommerce.register.Register_Account" time="1.969"/>
  <testcase name="Register_05_Password_Not_Match_ConfimPassword" classname="com.nopcommerce.register.Register_Account" time="1.966"/>
  <testcase name="Login_01_Empty_Data" classname="com.nopcommerce.login.Login_To_Page" time="2.024"/>
  <testcase name="Login_01_Empty_Data" classname="com.nopcommerce.login.Login_To_Page" time="1.835"/>
  <testcase name="Login_01_Empty_Data" classname="com.nopcommerce.login.Login_To_Page" time="1.743"/>
  <testcase name="Login_02_Invalid_Email" classname="com.nopcommerce.login.Login_To_Page" time="0.543"/>
  <testcase name="Login_02_Invalid_Email" classname="com.nopcommerce.login.Login_To_Page" time="0.585"/>
  <testcase name="Login_02_Invalid_Email" classname="com.nopcommerce.login.Login_To_Page" time="0.437"/>
  <testcase name="Login_03_Unregisted_Email" classname="com.nopcommerce.login.Login_To_Page" time="1.422"/>
  <testcase name="Login_03_Unregisted_Email" classname="com.nopcommerce.login.Login_To_Page" time="1.5"/>
  <testcase name="Login_03_Unregisted_Email" classname="com.nopcommerce.login.Login_To_Page" time="0.866"/>
  <testcase name="Login_04_Registed_Email_Empty_Password" classname="com.nopcommerce.login.Login_To_Page" time="1.478"/>
  <testcase name="Login_04_Registed_Email_Empty_Password" classname="com.nopcommerce.login.Login_To_Page" time="0.843"/>
  <testcase name="Login_04_Registed_Email_Empty_Password" classname="com.nopcommerce.login.Login_To_Page" time="1.514"/>
  <testcase name="Login_05_Registed_Email_Wrong_Password" classname="com.nopcommerce.login.Login_To_Page" time="1.416"/>
  <testcase name="Login_05_Registed_Email_Wrong_Password" classname="com.nopcommerce.login.Login_To_Page" time="1.539"/>
  <testcase name="Login_05_Registed_Email_Wrong_Password" classname="com.nopcommerce.login.Login_To_Page" time="0.854"/>
  <testcase name="Login_06_Correct_Email_Password" classname="com.nopcommerce.login.Login_To_Page" time="3.894"/>
  <testcase name="Login_06_Correct_Email_Password" classname="com.nopcommerce.login.Login_To_Page" time="3.331"/>
  <testcase name="Login_06_Correct_Email_Password" classname="com.nopcommerce.login.Login_To_Page" time="2.701"/>
  <testcase name="My_Account_00_Login_To_Page" classname="com.nopcommerce.myaccount.My_Account" time="3.744"/>
  <testcase name="My_Account_00_Login_To_Page" classname="com.nopcommerce.myaccount.My_Account" time="2.789"/>
  <testcase name="My_Account_00_Login_To_Page" classname="com.nopcommerce.myaccount.My_Account" time="3.139"/>
  <testcase name="My_Account_01_Update_Customer_Info" classname="com.nopcommerce.myaccount.My_Account" time="5.106"/>
  <testcase name="My_Account_01_Update_Customer_Info" classname="com.nopcommerce.myaccount.My_Account" time="4.323"/>
  <testcase name="My_Account_01_Update_Customer_Info" classname="com.nopcommerce.myaccount.My_Account" time="4.398"/>
  <testcase name="My_Account_02_Add_Addresses" classname="com.nopcommerce.myaccount.My_Account" time="5.469"/>
  <testcase name="My_Account_02_Add_Addresses" classname="com.nopcommerce.myaccount.My_Account" time="4.805"/>
  <testcase name="My_Account_02_Add_Addresses" classname="com.nopcommerce.myaccount.My_Account" time="5.738"/>
  <testcase name="My_Account_03_Change_Info" classname="com.nopcommerce.myaccount.My_Account" time="2.637"/>
  <testcase name="My_Account_03_Change_Info" classname="com.nopcommerce.myaccount.My_Account" time="2.016"/>
  <testcase name="My_Account_03_Change_Info" classname="com.nopcommerce.myaccount.My_Account" time="2.086"/>
  <testcase name="My_Account_04_Add_Review" classname="com.nopcommerce.myaccount.My_Account" time="6.389"/>
  <testcase name="My_Account_04_Add_Review" classname="com.nopcommerce.myaccount.My_Account" time="17.056"/>
  <testcase name="My_Account_04_Add_Review" classname="com.nopcommerce.myaccount.My_Account" time="11.085"/>
  <testcase name="Search_Advanced_Search_00_Login_To_Page" classname="com.nopcommerce.search.Search_Advanced_Search" time="3.413"/>
  <testcase name="Search_Advanced_Search_00_Login_To_Page" classname="com.nopcommerce.search.Search_Advanced_Search" time="3.549"/>
  <testcase name="Search_Advanced_Search_00_Login_To_Page" classname="com.nopcommerce.search.Search_Advanced_Search" time="5.028"/>
  <testcase name="Search_Advanced_Search_01_Search_With_Empty_Data" classname="com.nopcommerce.search.Search_Advanced_Search" time="2.638"/>
  <testcase name="Search_Advanced_Search_01_Search_With_Empty_Data" classname="com.nopcommerce.search.Search_Advanced_Search" time="2.558"/>
  <testcase name="Search_Advanced_Search_01_Search_With_Empty_Data" classname="com.nopcommerce.search.Search_Advanced_Search" time="2.588"/>
  <testcase name="Search_Advanced_Search_02_Search_With_Data_Exist" classname="com.nopcommerce.search.Search_Advanced_Search" time="0.727"/>
  <testcase name="Search_Advanced_Search_02_Search_With_Data_Exist" classname="com.nopcommerce.search.Search_Advanced_Search" time="1.335"/>
  <testcase name="Search_Advanced_Search_02_Search_With_Data_Exist" classname="com.nopcommerce.search.Search_Advanced_Search" time="0.779"/>
  <testcase name="Search_Advanced_Search_03_Search_With_Product_Name_Relatively" classname="com.nopcommerce.search.Search_Advanced_Search" time="0.691"/>
  <testcase name="Search_Advanced_Search_03_Search_With_Product_Name_Relatively" classname="com.nopcommerce.search.Search_Advanced_Search" time="1.533"/>
  <testcase name="Search_Advanced_Search_03_Search_With_Product_Name_Relatively" classname="com.nopcommerce.search.Search_Advanced_Search" time="1.484"/>
  <testcase name="Search_Advanced_Search_04_Search_With_Product_Name_Precisely" classname="com.nopcommerce.search.Search_Advanced_Search" time="0.661"/>
  <testcase name="Search_Advanced_Search_04_Search_With_Product_Name_Precisely" classname="com.nopcommerce.search.Search_Advanced_Search" time="0.771"/>
  <testcase name="Search_Advanced_Search_04_Search_With_Product_Name_Precisely" classname="com.nopcommerce.search.Search_Advanced_Search" time="1.43"/>
  <testcase name="Search_Advanced_Search_05_Advanced_Search_With_Parent_Categories" classname="com.nopcommerce.search.Search_Advanced_Search" time="2.055"/>
  <testcase name="Search_Advanced_Search_05_Advanced_Search_With_Parent_Categories" classname="com.nopcommerce.search.Search_Advanced_Search" time="1.051"/>
  <testcase name="Search_Advanced_Search_05_Advanced_Search_With_Parent_Categories" classname="com.nopcommerce.search.Search_Advanced_Search" time="1.154"/>
  <testcase name="Search_Advanced_Search_06_Advanced_Search_With_Sub_Categories" classname="com.nopcommerce.search.Search_Advanced_Search" time="1.305"/>
  <testcase name="Search_Advanced_Search_06_Advanced_Search_With_Sub_Categories" classname="com.nopcommerce.search.Search_Advanced_Search" time="1.026"/>
  <testcase name="Search_Advanced_Search_06_Advanced_Search_With_Sub_Categories" classname="com.nopcommerce.search.Search_Advanced_Search" time="1.774"/>
  <testcase name="Search_Advanced_Search_07_Advanced_Search_With_Incorrect_Manufacturer" classname="com.nopcommerce.search.Search_Advanced_Search" time="2.096"/>
  <testcase name="Search_Advanced_Search_07_Advanced_Search_With_Incorrect_Manufacturer" classname="com.nopcommerce.search.Search_Advanced_Search" time="1.562"/>
  <testcase name="Search_Advanced_Search_07_Advanced_Search_With_Incorrect_Manufacturer" classname="com.nopcommerce.search.Search_Advanced_Search" time="1.121"/>
  <testcase name="Search_Advanced_Search_08_Advanced_Search_With_Correct_Manufacturer" classname="com.nopcommerce.search.Search_Advanced_Search" time="1.419"/>
  <testcase name="Search_Advanced_Search_08_Advanced_Search_With_Correct_Manufacturer" classname="com.nopcommerce.search.Search_Advanced_Search" time="1.832"/>
  <testcase name="Search_Advanced_Search_08_Advanced_Search_With_Correct_Manufacturer" classname="com.nopcommerce.search.Search_Advanced_Search" time="1.082"/>
  <testcase name="Sort_Display_Paging_01_Sort_With_Name_A_To_Z" classname="com.nopcommerce.sort.Sort_Display_Paging" time="4.223"/>
  <testcase name="Sort_Display_Paging_01_Sort_With_Name_A_To_Z" classname="com.nopcommerce.sort.Sort_Display_Paging" time="3.079"/>
  <testcase name="Sort_Display_Paging_01_Sort_With_Name_A_To_Z" classname="com.nopcommerce.sort.Sort_Display_Paging" time="3.149"/>
  <testcase name="Sort_Display_Paging_02_Sort_With_Name_Z_To_A" classname="com.nopcommerce.sort.Sort_Display_Paging" time="4.012"/>
  <testcase name="Sort_Display_Paging_02_Sort_With_Name_Z_To_A" classname="com.nopcommerce.sort.Sort_Display_Paging" time="2.96"/>
  <testcase name="Sort_Display_Paging_02_Sort_With_Name_Z_To_A" classname="com.nopcommerce.sort.Sort_Display_Paging" time="2.951"/>
  <testcase name="Sort_Display_Paging_03_Sort_With_Price_Low_To_High" classname="com.nopcommerce.sort.Sort_Display_Paging" time="4.01"/>
  <testcase name="Sort_Display_Paging_03_Sort_With_Price_Low_To_High" classname="com.nopcommerce.sort.Sort_Display_Paging" time="3.68"/>
  <testcase name="Sort_Display_Paging_03_Sort_With_Price_Low_To_High" classname="com.nopcommerce.sort.Sort_Display_Paging" time="2.969"/>
  <testcase name="Sort_Display_Paging_04_Sort_With_Price_High_To_Low" classname="com.nopcommerce.sort.Sort_Display_Paging" time="3.242"/>
  <testcase name="Sort_Display_Paging_04_Sort_With_Price_High_To_Low" classname="com.nopcommerce.sort.Sort_Display_Paging" time="2.938"/>
  <testcase name="Sort_Display_Paging_04_Sort_With_Price_High_To_Low" classname="com.nopcommerce.sort.Sort_Display_Paging" time="2.953"/>
  <testcase name="Sort_Display_Paging_05_Display_Three_Products_Per_Page" classname="com.nopcommerce.sort.Sort_Display_Paging" time="5.669"/>
  <testcase name="Sort_Display_Paging_05_Display_Three_Products_Per_Page" classname="com.nopcommerce.sort.Sort_Display_Paging" time="5.076"/>
  <testcase name="Sort_Display_Paging_05_Display_Three_Products_Per_Page" classname="com.nopcommerce.sort.Sort_Display_Paging" time="4.286"/>
  <testcase name="Sort_Display_Paging_06_Display_Six_Products_Per_Page" classname="com.nopcommerce.sort.Sort_Display_Paging" time="10.85"/>
  <testcase name="Sort_Display_Paging_06_Display_Six_Products_Per_Page" classname="com.nopcommerce.sort.Sort_Display_Paging" time="10.744"/>
  <testcase name="Sort_Display_Paging_06_Display_Six_Products_Per_Page" classname="com.nopcommerce.sort.Sort_Display_Paging" time="9.991"/>
  <testcase name="Sort_Display_Paging_07_Display_Nine_Products_Per_Page" classname="com.nopcommerce.sort.Sort_Display_Paging" time="10.285"/>
  <testcase name="Sort_Display_Paging_07_Display_Nine_Products_Per_Page" classname="com.nopcommerce.sort.Sort_Display_Paging" time="10.294"/>
  <testcase name="Sort_Display_Paging_07_Display_Nine_Products_Per_Page" classname="com.nopcommerce.sort.Sort_Display_Paging" time="10.001"/>
  <testcase name="Wishlist_Compare_RecentView_01_Add_To_Wishlist" classname="com.nopcommerce.wishlist.Wishlist_Compare_RecentView" time="6.756"/>
  <testcase name="Wishlist_Compare_RecentView_01_Add_To_Wishlist" classname="com.nopcommerce.wishlist.Wishlist_Compare_RecentView" time="11.097"/>
  <testcase name="Wishlist_Compare_RecentView_01_Add_To_Wishlist" classname="com.nopcommerce.wishlist.Wishlist_Compare_RecentView" time="13.503"/>
  <testcase name="Wishlist_Compare_RecentView_02_Add_To_Cart_From_Wishlist" classname="com.nopcommerce.wishlist.Wishlist_Compare_RecentView" time="2.168"/>
  <testcase name="Wishlist_Compare_RecentView_02_Add_To_Cart_From_Wishlist" classname="com.nopcommerce.wishlist.Wishlist_Compare_RecentView" time="1.616"/>
  <testcase name="Wishlist_Compare_RecentView_02_Add_To_Cart_From_Wishlist" classname="com.nopcommerce.wishlist.Wishlist_Compare_RecentView" time="2.986"/>
  <testcase name="Wishlist_Compare_RecentView_03_Remove_Product_From_Wishlist" classname="com.nopcommerce.wishlist.Wishlist_Compare_RecentView" time="9.45"/>
  <testcase name="Wishlist_Compare_RecentView_03_Remove_Product_From_Wishlist" classname="com.nopcommerce.wishlist.Wishlist_Compare_RecentView" time="8.722"/>
  <testcase name="Wishlist_Compare_RecentView_03_Remove_Product_From_Wishlist" classname="com.nopcommerce.wishlist.Wishlist_Compare_RecentView" time="8.135"/>
  <testcase name="Wishlist_Compare_RecentView_04_Add_Product_To_Compare" classname="com.nopcommerce.wishlist.Wishlist_Compare_RecentView" time="33.862"/>
  <testcase name="Wishlist_Compare_RecentView_04_Add_Product_To_Compare" classname="com.nopcommerce.wishlist.Wishlist_Compare_RecentView" time="32.856"/>
  <testcase name="Wishlist_Compare_RecentView_04_Add_Product_To_Compare" classname="com.nopcommerce.wishlist.Wishlist_Compare_RecentView" time="34.118"/>
  <testcase name="Wishlist_Compare_RecentView_05_Recently_Viewed_Products" classname="com.nopcommerce.wishlist.Wishlist_Compare_RecentView" time="10.94"/>
  <testcase name="Wishlist_Compare_RecentView_05_Recently_Viewed_Products" classname="com.nopcommerce.wishlist.Wishlist_Compare_RecentView" time="10.903"/>
  <testcase name="Wishlist_Compare_RecentView_05_Recently_Viewed_Products" classname="com.nopcommerce.wishlist.Wishlist_Compare_RecentView" time="9.914"/>
  <testcase name="Admin_00_Login_To_Admin_Page" classname="com.nopcommerce.admin.Admin" time="13.421"/>
  <testcase name="Admin_00_Login_To_Admin_Page" classname="com.nopcommerce.admin.Admin" time="4.561"/>
  <testcase name="Admin_00_Login_To_Admin_Page" classname="com.nopcommerce.admin.Admin" time="10.857"/>
  <testcase name="Admin_01_Search_With_Product_Name" classname="com.nopcommerce.admin.Admin" time="34.581">
    <failure message="Expected condition failed: waiting for visibility of element located by By.xpath: //td[text()=&apos;Lenovo IdeaCentre 600 All-in-One PC&apos;]/following-sibling::td[text()=&apos;LE_IC_600&apos;]/following-sibling::td[text()=&apos;500&apos;]/following-sibling::td[text()=&apos;10000&apos;]/following-sibling::td[contains(@class,&apos;text-center&apos;)]/i (tried for 30 second(s) with 500 milliseconds interval)" type="org.openqa.selenium.TimeoutException">org.openqa.selenium.TimeoutException: Expected condition failed: waiting for visibility of element located by By.xpath: //td[text()='Lenovo IdeaCentre 600 All-in-One PC']/following-sibling::td[text()='LE_IC_600']/following-sibling::td[text()='500']/following-sibling::td[text()='10000']/following-sibling::td[contains(@class,'text-center')]/i (tried for 30 second(s) with 500 milliseconds interval)
	at com.nopcommerce.admin.Admin.Admin_01_Search_With_Product_Name(Admin.java:107)
Caused by: org.openqa.selenium.NoSuchElementException: 
Unable to locate element: //td[text()='Lenovo IdeaCentre 600 All-in-One PC']/following-sibling::td[text()='LE_IC_600']/following-sibling::td[text()='500']/following-sibling::td[text()='10000']/following-sibling::td[contains(@class,'text-center')]/i
For documentation on this error, please visit: https://www.seleniumhq.org/exceptions/no_such_element.html
Build info: version: '3.141.59', revision: 'e82be7d358', time: '2018-11-14T08:17:03'
System info: host: 'DESKTOP-AL3VMHN', ip: '192.168.250.11', os.name: 'Windows 10', os.arch: 'amd64', os.version: '10.0', java.version: '1.8.0_181'
Driver info: org.openqa.selenium.firefox.FirefoxDriver
Capabilities {acceptInsecureCerts: true, browserName: firefox, browserVersion: 92.0, javascriptEnabled: true, moz:accessibilityChecks: false, moz:buildID: 20210903235534, moz:geckodriverVersion: 0.29.1, moz:headless: false, moz:processID: 10580, moz:profile: C:\Users\HP95\AppData\Local..., moz:shutdownTimeout: 60000, moz:useNonSpecCompliantPointerOrigin: false, moz:webdriverClick: true, pageLoadStrategy: normal, platform: WINDOWS, platformName: WINDOWS, platformVersion: 10.0, proxy: Proxy(), setWindowRect: true, strictFileInteractability: false, timeouts: {implicit: 0, pageLoad: 300000, script: 30000}, unhandledPromptBehavior: dismiss and notify}
Session ID: a285db63-c79a-44e8-b916-d26a3befa1d8
*** Element info: {Using=xpath, value=//td[text()='Lenovo IdeaCentre 600 All-in-One PC']/following-sibling::td[text()='LE_IC_600']/following-sibling::td[text()='500']/following-sibling::td[text()='10000']/following-sibling::td[contains(@class,'text-center')]/i}
	at com.nopcommerce.admin.Admin.Admin_01_Search_With_Product_Name(Admin.java:107)
</failure>
    <system-out><![CDATA[[INFO ] [2021-09-17 16:22:37,684] Admin_01 - Step 1: At Dashboard Page, click to menu 'Catalog' and submenu 'Products'
[INFO ] [2021-09-17 16:22:40,436] Admin_01 - Step 2: Input 'Lenovo IdeaCentre 600 All-in-One PC' to textbox Product Name
[INFO ] [2021-09-17 16:22:40,603] Admin_01 - Step 3: Click to Seach button
[INFO ] [2021-09-17 16:22:41,894] Admin_01 - Step 4: Verify only 1 item displayed
[INFO ] [2021-09-17 16:22:42,142]  -------------------------- PASSED -------------------------- 
[INFO ] [2021-09-17 16:22:42,142] Admin_01 - Step 5: Verify data is displayed with 'Lenovo IdeaCentre 600 All-in-One PC','LE_IC_600','500','10000'
]]></system-out>
  </testcase>
  <testcase name="Admin_01_Search_With_Product_Name" classname="com.nopcommerce.admin.Admin" time="34.607">
    <failure message="Expected condition failed: waiting for visibility of element located by By.xpath: //td[text()=&apos;Lenovo IdeaCentre 600 All-in-One PC&apos;]/following-sibling::td[text()=&apos;LE_IC_600&apos;]/following-sibling::td[text()=&apos;500&apos;]/following-sibling::td[text()=&apos;10000&apos;]/following-sibling::td[contains(@class,&apos;text-center&apos;)]/i (tried for 30 second(s) with 500 milliseconds interval)" type="org.openqa.selenium.TimeoutException">org.openqa.selenium.TimeoutException: Expected condition failed: waiting for visibility of element located by By.xpath: //td[text()='Lenovo IdeaCentre 600 All-in-One PC']/following-sibling::td[text()='LE_IC_600']/following-sibling::td[text()='500']/following-sibling::td[text()='10000']/following-sibling::td[contains(@class,'text-center')]/i (tried for 30 second(s) with 500 milliseconds interval)
	at com.nopcommerce.admin.Admin.Admin_01_Search_With_Product_Name(Admin.java:107)
Caused by: org.openqa.selenium.NoSuchElementException: 
no such element: Unable to locate element: {"method":"xpath","selector":"//td[text()='Lenovo IdeaCentre 600 All-in-One PC']/following-sibling::td[text()='LE_IC_600']/following-sibling::td[text()='500']/following-sibling::td[text()='10000']/following-sibling::td[contains(@class,'text-center')]/i"}
  (Session info: chrome=93.0.4577.82)
For documentation on this error, please visit: https://www.seleniumhq.org/exceptions/no_such_element.html
Build info: version: '3.141.59', revision: 'e82be7d358', time: '2018-11-14T08:17:03'
System info: host: 'DESKTOP-AL3VMHN', ip: '192.168.250.11', os.name: 'Windows 10', os.arch: 'amd64', os.version: '10.0', java.version: '1.8.0_181'
Driver info: org.openqa.selenium.chrome.ChromeDriver
Capabilities {acceptInsecureCerts: false, browserName: chrome, browserVersion: 93.0.4577.82, chrome: {chromedriverVersion: 93.0.4577.63 (ff5c0da2ec0ad..., userDataDir: C:\Users\HP95\AppData\Local...}, goog:chromeOptions: {debuggerAddress: localhost:55033}, javascriptEnabled: true, networkConnectionEnabled: false, pageLoadStrategy: normal, platform: WINDOWS, platformName: WINDOWS, proxy: Proxy(), setWindowRect: true, strictFileInteractability: false, timeouts: {implicit: 0, pageLoad: 300000, script: 30000}, unhandledPromptBehavior: dismiss and notify, webauthn:extension:credBlob: true, webauthn:extension:largeBlob: true, webauthn:virtualAuthenticators: true}
Session ID: ff2ceb641e5a144cc2f238c974657ef5
*** Element info: {Using=xpath, value=//td[text()='Lenovo IdeaCentre 600 All-in-One PC']/following-sibling::td[text()='LE_IC_600']/following-sibling::td[text()='500']/following-sibling::td[text()='10000']/following-sibling::td[contains(@class,'text-center')]/i}
	at com.nopcommerce.admin.Admin.Admin_01_Search_With_Product_Name(Admin.java:107)
</failure>
    <system-out><![CDATA[[INFO ] [2021-09-17 16:30:39,225] Admin_01 - Step 1: At Dashboard Page, click to menu 'Catalog' and submenu 'Products'
[INFO ] [2021-09-17 16:30:42,283] Admin_01 - Step 2: Input 'Lenovo IdeaCentre 600 All-in-One PC' to textbox Product Name
[INFO ] [2021-09-17 16:30:42,522] Admin_01 - Step 3: Click to Seach button
[INFO ] [2021-09-17 16:30:43,645] Admin_01 - Step 4: Verify only 1 item displayed
[INFO ] [2021-09-17 16:30:43,698]  -------------------------- PASSED -------------------------- 
[INFO ] [2021-09-17 16:30:43,698] Admin_01 - Step 5: Verify data is displayed with 'Lenovo IdeaCentre 600 All-in-One PC','LE_IC_600','500','10000'
]]></system-out>
  </testcase>
  <testcase name="Admin_01_Search_With_Product_Name" classname="com.nopcommerce.admin.Admin" time="34.088">
    <failure message="Expected condition failed: waiting for visibility of element located by By.xpath: //td[text()=&apos;Lenovo IdeaCentre 600 All-in-One PC&apos;]/following-sibling::td[text()=&apos;LE_IC_600&apos;]/following-sibling::td[text()=&apos;500&apos;]/following-sibling::td[text()=&apos;10000&apos;]/following-sibling::td[contains(@class,&apos;text-center&apos;)]/i (tried for 30 second(s) with 500 milliseconds interval)" type="org.openqa.selenium.TimeoutException">org.openqa.selenium.TimeoutException: Expected condition failed: waiting for visibility of element located by By.xpath: //td[text()='Lenovo IdeaCentre 600 All-in-One PC']/following-sibling::td[text()='LE_IC_600']/following-sibling::td[text()='500']/following-sibling::td[text()='10000']/following-sibling::td[contains(@class,'text-center')]/i (tried for 30 second(s) with 500 milliseconds interval)
	at com.nopcommerce.admin.Admin.Admin_01_Search_With_Product_Name(Admin.java:107)
Caused by: org.openqa.selenium.NoSuchElementException: 
no such element: Unable to locate element: {"method":"xpath","selector":"//td[text()='Lenovo IdeaCentre 600 All-in-One PC']/following-sibling::td[text()='LE_IC_600']/following-sibling::td[text()='500']/following-sibling::td[text()='10000']/following-sibling::td[contains(@class,'text-center')]/i"}
  (Session info: MicrosoftEdge=93.0.961.47)
For documentation on this error, please visit: https://www.seleniumhq.org/exceptions/no_such_element.html
Build info: version: '3.141.59', revision: 'e82be7d358', time: '2018-11-14T08:17:03'
System info: host: 'DESKTOP-AL3VMHN', ip: '192.168.250.11', os.name: 'Windows 10', os.arch: 'amd64', os.version: '10.0', java.version: '1.8.0_181'
Driver info: org.openqa.selenium.edge.EdgeDriver
Capabilities {acceptInsecureCerts: false, browserName: msedge, browserVersion: 93.0.961.47, javascriptEnabled: true, ms:edgeOptions: {debuggerAddress: localhost:51665}, msedge: {msedgedriverVersion: 93.0.961.47 (c316d5ea591c75..., userDataDir: C:\Users\HP95\AppData\Local...}, networkConnectionEnabled: false, pageLoadStrategy: normal, platform: WINDOWS, platformName: WINDOWS, proxy: Proxy(), setWindowRect: true, strictFileInteractability: false, timeouts: {implicit: 0, pageLoad: 300000, script: 30000}, unhandledPromptBehavior: dismiss and notify, webauthn:extension:credBlob: true, webauthn:extension:largeBlob: true, webauthn:virtualAuthenticators: true}
Session ID: 35905bac8ce41dbe23764ce13f6eeabe
*** Element info: {Using=xpath, value=//td[text()='Lenovo IdeaCentre 600 All-in-One PC']/following-sibling::td[text()='LE_IC_600']/following-sibling::td[text()='500']/following-sibling::td[text()='10000']/following-sibling::td[contains(@class,'text-center')]/i}
	at com.nopcommerce.admin.Admin.Admin_01_Search_With_Product_Name(Admin.java:107)
</failure>
    <system-out><![CDATA[[INFO ] [2021-09-17 16:38:16,311] Admin_01 - Step 1: At Dashboard Page, click to menu 'Catalog' and submenu 'Products'
[INFO ] [2021-09-17 16:38:18,758] Admin_01 - Step 2: Input 'Lenovo IdeaCentre 600 All-in-One PC' to textbox Product Name
[INFO ] [2021-09-17 16:38:19,001] Admin_01 - Step 3: Click to Seach button
[INFO ] [2021-09-17 16:38:20,123] Admin_01 - Step 4: Verify only 1 item displayed
[INFO ] [2021-09-17 16:38:20,240]  -------------------------- PASSED -------------------------- 
[INFO ] [2021-09-17 16:38:20,240] Admin_01 - Step 5: Verify data is displayed with 'Lenovo IdeaCentre 600 All-in-One PC','LE_IC_600','500','10000'
]]></system-out>
  </testcase>
  <testcase name="Admin_02_Search_With_Product_Name_Parent_Category_Unchecked" classname="com.nopcommerce.admin.Admin" time="4.709"/>
  <testcase name="Admin_02_Search_With_Product_Name_Parent_Category_Unchecked" classname="com.nopcommerce.admin.Admin" time="3.12"/>
  <testcase name="Admin_02_Search_With_Product_Name_Parent_Category_Unchecked" classname="com.nopcommerce.admin.Admin" time="3.005"/>
  <testcase name="Admin_03_Search_With_Product_Name_Parent_Category_Checked" classname="com.nopcommerce.admin.Admin" time="35.171">
    <failure message="Expected condition failed: waiting for visibility of element located by By.xpath: //td[text()=&apos;Lenovo IdeaCentre 600 All-in-One PC&apos;]/following-sibling::td[text()=&apos;LE_IC_600&apos;]/following-sibling::td[text()=&apos;500&apos;]/following-sibling::td[text()=&apos;10000&apos;]/following-sibling::td[contains(@class,&apos;text-center&apos;)]/i (tried for 30 second(s) with 500 milliseconds interval)" type="org.openqa.selenium.TimeoutException">org.openqa.selenium.TimeoutException: Expected condition failed: waiting for visibility of element located by By.xpath: //td[text()='Lenovo IdeaCentre 600 All-in-One PC']/following-sibling::td[text()='LE_IC_600']/following-sibling::td[text()='500']/following-sibling::td[text()='10000']/following-sibling::td[contains(@class,'text-center')]/i (tried for 30 second(s) with 500 milliseconds interval)
	at com.nopcommerce.admin.Admin.Admin_03_Search_With_Product_Name_Parent_Category_Checked(Admin.java:155)
Caused by: org.openqa.selenium.NoSuchElementException: 
Unable to locate element: //td[text()='Lenovo IdeaCentre 600 All-in-One PC']/following-sibling::td[text()='LE_IC_600']/following-sibling::td[text()='500']/following-sibling::td[text()='10000']/following-sibling::td[contains(@class,'text-center')]/i
For documentation on this error, please visit: https://www.seleniumhq.org/exceptions/no_such_element.html
Build info: version: '3.141.59', revision: 'e82be7d358', time: '2018-11-14T08:17:03'
System info: host: 'DESKTOP-AL3VMHN', ip: '192.168.250.11', os.name: 'Windows 10', os.arch: 'amd64', os.version: '10.0', java.version: '1.8.0_181'
Driver info: org.openqa.selenium.firefox.FirefoxDriver
Capabilities {acceptInsecureCerts: true, browserName: firefox, browserVersion: 92.0, javascriptEnabled: true, moz:accessibilityChecks: false, moz:buildID: 20210903235534, moz:geckodriverVersion: 0.29.1, moz:headless: false, moz:processID: 10580, moz:profile: C:\Users\HP95\AppData\Local..., moz:shutdownTimeout: 60000, moz:useNonSpecCompliantPointerOrigin: false, moz:webdriverClick: true, pageLoadStrategy: normal, platform: WINDOWS, platformName: WINDOWS, platformVersion: 10.0, proxy: Proxy(), setWindowRect: true, strictFileInteractability: false, timeouts: {implicit: 0, pageLoad: 300000, script: 30000}, unhandledPromptBehavior: dismiss and notify}
Session ID: a285db63-c79a-44e8-b916-d26a3befa1d8
*** Element info: {Using=xpath, value=//td[text()='Lenovo IdeaCentre 600 All-in-One PC']/following-sibling::td[text()='LE_IC_600']/following-sibling::td[text()='500']/following-sibling::td[text()='10000']/following-sibling::td[contains(@class,'text-center')]/i}
	at com.nopcommerce.admin.Admin.Admin_03_Search_With_Product_Name_Parent_Category_Checked(Admin.java:155)
</failure>
    <system-out><![CDATA[[INFO ] [2021-09-17 16:23:16,976] Admin_03 - Step 1: Refresh Product Search Page
[INFO ] [2021-09-17 16:23:19,767] Admin_03 - Step 2: Input 'Lenovo IdeaCentre 600 All-in-One PC' to textbox Product Name
[INFO ] [2021-09-17 16:23:19,919] Admin_03 - Step 3: Select 'Computers' from Dropdown Category
[INFO ] [2021-09-17 16:23:20,249] Admin_03 - Step 4: Check to checkbox Sub Categories
[INFO ] [2021-09-17 16:23:20,669] Admin_03 - Step 5: Click to Seach button
[INFO ] [2021-09-17 16:23:21,965] Admin_03 - Step 6: Verify only 1 item displayed
[INFO ] [2021-09-17 16:23:22,046]  -------------------------- PASSED -------------------------- 
[INFO ] [2021-09-17 16:23:22,046] Admin_03 - Step 7: Verify data is displayed with 'Lenovo IdeaCentre 600 All-in-One PC','LE_IC_600','500','10000'
]]></system-out>
  </testcase>
  <testcase name="Admin_03_Search_With_Product_Name_Parent_Category_Checked" classname="com.nopcommerce.admin.Admin" time="33.887">
    <failure message="Expected condition failed: waiting for visibility of element located by By.xpath: //td[text()=&apos;Lenovo IdeaCentre 600 All-in-One PC&apos;]/following-sibling::td[text()=&apos;LE_IC_600&apos;]/following-sibling::td[text()=&apos;500&apos;]/following-sibling::td[text()=&apos;10000&apos;]/following-sibling::td[contains(@class,&apos;text-center&apos;)]/i (tried for 30 second(s) with 500 milliseconds interval)" type="org.openqa.selenium.TimeoutException">org.openqa.selenium.TimeoutException: Expected condition failed: waiting for visibility of element located by By.xpath: //td[text()='Lenovo IdeaCentre 600 All-in-One PC']/following-sibling::td[text()='LE_IC_600']/following-sibling::td[text()='500']/following-sibling::td[text()='10000']/following-sibling::td[contains(@class,'text-center')]/i (tried for 30 second(s) with 500 milliseconds interval)
	at com.nopcommerce.admin.Admin.Admin_03_Search_With_Product_Name_Parent_Category_Checked(Admin.java:155)
Caused by: org.openqa.selenium.NoSuchElementException: 
no such element: Unable to locate element: {"method":"xpath","selector":"//td[text()='Lenovo IdeaCentre 600 All-in-One PC']/following-sibling::td[text()='LE_IC_600']/following-sibling::td[text()='500']/following-sibling::td[text()='10000']/following-sibling::td[contains(@class,'text-center')]/i"}
  (Session info: chrome=93.0.4577.82)
For documentation on this error, please visit: https://www.seleniumhq.org/exceptions/no_such_element.html
Build info: version: '3.141.59', revision: 'e82be7d358', time: '2018-11-14T08:17:03'
System info: host: 'DESKTOP-AL3VMHN', ip: '192.168.250.11', os.name: 'Windows 10', os.arch: 'amd64', os.version: '10.0', java.version: '1.8.0_181'
Driver info: org.openqa.selenium.chrome.ChromeDriver
Capabilities {acceptInsecureCerts: false, browserName: chrome, browserVersion: 93.0.4577.82, chrome: {chromedriverVersion: 93.0.4577.63 (ff5c0da2ec0ad..., userDataDir: C:\Users\HP95\AppData\Local...}, goog:chromeOptions: {debuggerAddress: localhost:55033}, javascriptEnabled: true, networkConnectionEnabled: false, pageLoadStrategy: normal, platform: WINDOWS, platformName: WINDOWS, proxy: Proxy(), setWindowRect: true, strictFileInteractability: false, timeouts: {implicit: 0, pageLoad: 300000, script: 30000}, unhandledPromptBehavior: dismiss and notify, webauthn:extension:credBlob: true, webauthn:extension:largeBlob: true, webauthn:virtualAuthenticators: true}
Session ID: ff2ceb641e5a144cc2f238c974657ef5
*** Element info: {Using=xpath, value=//td[text()='Lenovo IdeaCentre 600 All-in-One PC']/following-sibling::td[text()='LE_IC_600']/following-sibling::td[text()='500']/following-sibling::td[text()='10000']/following-sibling::td[contains(@class,'text-center')]/i}
	at com.nopcommerce.admin.Admin.Admin_03_Search_With_Product_Name_Parent_Category_Checked(Admin.java:155)
</failure>
    <system-out><![CDATA[[INFO ] [2021-09-17 16:31:16,956] Admin_03 - Step 1: Refresh Product Search Page
[INFO ] [2021-09-17 16:31:18,901] Admin_03 - Step 2: Input 'Lenovo IdeaCentre 600 All-in-One PC' to textbox Product Name
[INFO ] [2021-09-17 16:31:19,144] Admin_03 - Step 3: Select 'Computers' from Dropdown Category
[INFO ] [2021-09-17 16:31:19,277] Admin_03 - Step 4: Check to checkbox Sub Categories
[INFO ] [2021-09-17 16:31:19,427] Admin_03 - Step 5: Click to Seach button
[INFO ] [2021-09-17 16:31:20,550] Admin_03 - Step 6: Verify only 1 item displayed
[INFO ] [2021-09-17 16:31:20,619]  -------------------------- PASSED -------------------------- 
[INFO ] [2021-09-17 16:31:20,619] Admin_03 - Step 7: Verify data is displayed with 'Lenovo IdeaCentre 600 All-in-One PC','LE_IC_600','500','10000'
]]></system-out>
  </testcase>
  <testcase name="Admin_03_Search_With_Product_Name_Parent_Category_Checked" classname="com.nopcommerce.admin.Admin" time="34.009">
    <failure message="Expected condition failed: waiting for visibility of element located by By.xpath: //td[text()=&apos;Lenovo IdeaCentre 600 All-in-One PC&apos;]/following-sibling::td[text()=&apos;LE_IC_600&apos;]/following-sibling::td[text()=&apos;500&apos;]/following-sibling::td[text()=&apos;10000&apos;]/following-sibling::td[contains(@class,&apos;text-center&apos;)]/i (tried for 30 second(s) with 500 milliseconds interval)" type="org.openqa.selenium.TimeoutException">org.openqa.selenium.TimeoutException: Expected condition failed: waiting for visibility of element located by By.xpath: //td[text()='Lenovo IdeaCentre 600 All-in-One PC']/following-sibling::td[text()='LE_IC_600']/following-sibling::td[text()='500']/following-sibling::td[text()='10000']/following-sibling::td[contains(@class,'text-center')]/i (tried for 30 second(s) with 500 milliseconds interval)
	at com.nopcommerce.admin.Admin.Admin_03_Search_With_Product_Name_Parent_Category_Checked(Admin.java:155)
Caused by: org.openqa.selenium.NoSuchElementException: 
no such element: Unable to locate element: {"method":"xpath","selector":"//td[text()='Lenovo IdeaCentre 600 All-in-One PC']/following-sibling::td[text()='LE_IC_600']/following-sibling::td[text()='500']/following-sibling::td[text()='10000']/following-sibling::td[contains(@class,'text-center')]/i"}
  (Session info: MicrosoftEdge=93.0.961.47)
For documentation on this error, please visit: https://www.seleniumhq.org/exceptions/no_such_element.html
Build info: version: '3.141.59', revision: 'e82be7d358', time: '2018-11-14T08:17:03'
System info: host: 'DESKTOP-AL3VMHN', ip: '192.168.250.11', os.name: 'Windows 10', os.arch: 'amd64', os.version: '10.0', java.version: '1.8.0_181'
Driver info: org.openqa.selenium.edge.EdgeDriver
Capabilities {acceptInsecureCerts: false, browserName: msedge, browserVersion: 93.0.961.47, javascriptEnabled: true, ms:edgeOptions: {debuggerAddress: localhost:51665}, msedge: {msedgedriverVersion: 93.0.961.47 (c316d5ea591c75..., userDataDir: C:\Users\HP95\AppData\Local...}, networkConnectionEnabled: false, pageLoadStrategy: normal, platform: WINDOWS, platformName: WINDOWS, proxy: Proxy(), setWindowRect: true, strictFileInteractability: false, timeouts: {implicit: 0, pageLoad: 300000, script: 30000}, unhandledPromptBehavior: dismiss and notify, webauthn:extension:credBlob: true, webauthn:extension:largeBlob: true, webauthn:virtualAuthenticators: true}
Session ID: 35905bac8ce41dbe23764ce13f6eeabe
*** Element info: {Using=xpath, value=//td[text()='Lenovo IdeaCentre 600 All-in-One PC']/following-sibling::td[text()='LE_IC_600']/following-sibling::td[text()='500']/following-sibling::td[text()='10000']/following-sibling::td[contains(@class,'text-center')]/i}
	at com.nopcommerce.admin.Admin.Admin_03_Search_With_Product_Name_Parent_Category_Checked(Admin.java:155)
</failure>
    <system-out><![CDATA[[INFO ] [2021-09-17 16:38:53,406] Admin_03 - Step 1: Refresh Product Search Page
[INFO ] [2021-09-17 16:38:55,392] Admin_03 - Step 2: Input 'Lenovo IdeaCentre 600 All-in-One PC' to textbox Product Name
[INFO ] [2021-09-17 16:38:55,624] Admin_03 - Step 3: Select 'Computers' from Dropdown Category
[INFO ] [2021-09-17 16:38:55,768] Admin_03 - Step 4: Check to checkbox Sub Categories
[INFO ] [2021-09-17 16:38:55,915] Admin_03 - Step 5: Click to Seach button
[INFO ] [2021-09-17 16:38:57,024] Admin_03 - Step 6: Verify only 1 item displayed
[INFO ] [2021-09-17 16:38:57,078]  -------------------------- PASSED -------------------------- 
[INFO ] [2021-09-17 16:38:57,078] Admin_03 - Step 7: Verify data is displayed with 'Lenovo IdeaCentre 600 All-in-One PC','LE_IC_600','500','10000'
]]></system-out>
  </testcase>
  <testcase name="Admin_04_Search_With_Product_Name_Child_Category" classname="com.nopcommerce.admin.Admin" time="35.609">
    <failure message="Expected condition failed: waiting for visibility of element located by By.xpath: //td[text()=&apos;Lenovo IdeaCentre 600 All-in-One PC&apos;]/following-sibling::td[text()=&apos;LE_IC_600&apos;]/following-sibling::td[text()=&apos;500&apos;]/following-sibling::td[text()=&apos;10000&apos;]/following-sibling::td[contains(@class,&apos;text-center&apos;)]/i (tried for 30 second(s) with 500 milliseconds interval)" type="org.openqa.selenium.TimeoutException">org.openqa.selenium.TimeoutException: Expected condition failed: waiting for visibility of element located by By.xpath: //td[text()='Lenovo IdeaCentre 600 All-in-One PC']/following-sibling::td[text()='LE_IC_600']/following-sibling::td[text()='500']/following-sibling::td[text()='10000']/following-sibling::td[contains(@class,'text-center')]/i (tried for 30 second(s) with 500 milliseconds interval)
	at com.nopcommerce.admin.Admin.Admin_04_Search_With_Product_Name_Child_Category(Admin.java:179)
Caused by: org.openqa.selenium.NoSuchElementException: 
Unable to locate element: //td[text()='Lenovo IdeaCentre 600 All-in-One PC']/following-sibling::td[text()='LE_IC_600']/following-sibling::td[text()='500']/following-sibling::td[text()='10000']/following-sibling::td[contains(@class,'text-center')]/i
For documentation on this error, please visit: https://www.seleniumhq.org/exceptions/no_such_element.html
Build info: version: '3.141.59', revision: 'e82be7d358', time: '2018-11-14T08:17:03'
System info: host: 'DESKTOP-AL3VMHN', ip: '192.168.250.11', os.name: 'Windows 10', os.arch: 'amd64', os.version: '10.0', java.version: '1.8.0_181'
Driver info: org.openqa.selenium.firefox.FirefoxDriver
Capabilities {acceptInsecureCerts: true, browserName: firefox, browserVersion: 92.0, javascriptEnabled: true, moz:accessibilityChecks: false, moz:buildID: 20210903235534, moz:geckodriverVersion: 0.29.1, moz:headless: false, moz:processID: 10580, moz:profile: C:\Users\HP95\AppData\Local..., moz:shutdownTimeout: 60000, moz:useNonSpecCompliantPointerOrigin: false, moz:webdriverClick: true, pageLoadStrategy: normal, platform: WINDOWS, platformName: WINDOWS, platformVersion: 10.0, proxy: Proxy(), setWindowRect: true, strictFileInteractability: false, timeouts: {implicit: 0, pageLoad: 300000, script: 30000}, unhandledPromptBehavior: dismiss and notify}
Session ID: a285db63-c79a-44e8-b916-d26a3befa1d8
*** Element info: {Using=xpath, value=//td[text()='Lenovo IdeaCentre 600 All-in-One PC']/following-sibling::td[text()='LE_IC_600']/following-sibling::td[text()='500']/following-sibling::td[text()='10000']/following-sibling::td[contains(@class,'text-center')]/i}
	at com.nopcommerce.admin.Admin.Admin_04_Search_With_Product_Name_Child_Category(Admin.java:179)
</failure>
    <system-out><![CDATA[[INFO ] [2021-09-17 16:23:52,149] Admin_04 - Step 1: Refresh Product Search Page
[INFO ] [2021-09-17 16:23:54,836] Admin_04 - Step 2: Input 'Lenovo IdeaCentre 600 All-in-One PC' to textbox Product Name
[INFO ] [2021-09-17 16:23:54,982] Admin_04 - Step 3: Select 'Computers >> Desktops' from Dropdown Category
[INFO ] [2021-09-17 16:23:55,329] Admin_04 - Step 4: Click to Seach button
[INFO ] [2021-09-17 16:23:57,609] Admin_04 - Step 5: Verify only 1 item displayed
[INFO ] [2021-09-17 16:23:57,658]  -------------------------- PASSED -------------------------- 
[INFO ] [2021-09-17 16:23:57,658] Admin_03 - Step 6: Verify data is displayed with 'Lenovo IdeaCentre 600 All-in-One PC','LE_IC_600','500','10000'
]]></system-out>
  </testcase>
  <testcase name="Admin_04_Search_With_Product_Name_Child_Category" classname="com.nopcommerce.admin.Admin" time="34.834">
    <failure message="Expected condition failed: waiting for visibility of element located by By.xpath: //td[text()=&apos;Lenovo IdeaCentre 600 All-in-One PC&apos;]/following-sibling::td[text()=&apos;LE_IC_600&apos;]/following-sibling::td[text()=&apos;500&apos;]/following-sibling::td[text()=&apos;10000&apos;]/following-sibling::td[contains(@class,&apos;text-center&apos;)]/i (tried for 30 second(s) with 500 milliseconds interval)" type="org.openqa.selenium.TimeoutException">org.openqa.selenium.TimeoutException: Expected condition failed: waiting for visibility of element located by By.xpath: //td[text()='Lenovo IdeaCentre 600 All-in-One PC']/following-sibling::td[text()='LE_IC_600']/following-sibling::td[text()='500']/following-sibling::td[text()='10000']/following-sibling::td[contains(@class,'text-center')]/i (tried for 30 second(s) with 500 milliseconds interval)
	at com.nopcommerce.admin.Admin.Admin_04_Search_With_Product_Name_Child_Category(Admin.java:179)
Caused by: org.openqa.selenium.NoSuchElementException: 
no such element: Unable to locate element: {"method":"xpath","selector":"//td[text()='Lenovo IdeaCentre 600 All-in-One PC']/following-sibling::td[text()='LE_IC_600']/following-sibling::td[text()='500']/following-sibling::td[text()='10000']/following-sibling::td[contains(@class,'text-center')]/i"}
  (Session info: chrome=93.0.4577.82)
For documentation on this error, please visit: https://www.seleniumhq.org/exceptions/no_such_element.html
Build info: version: '3.141.59', revision: 'e82be7d358', time: '2018-11-14T08:17:03'
System info: host: 'DESKTOP-AL3VMHN', ip: '192.168.250.11', os.name: 'Windows 10', os.arch: 'amd64', os.version: '10.0', java.version: '1.8.0_181'
Driver info: org.openqa.selenium.chrome.ChromeDriver
Capabilities {acceptInsecureCerts: false, browserName: chrome, browserVersion: 93.0.4577.82, chrome: {chromedriverVersion: 93.0.4577.63 (ff5c0da2ec0ad..., userDataDir: C:\Users\HP95\AppData\Local...}, goog:chromeOptions: {debuggerAddress: localhost:55033}, javascriptEnabled: true, networkConnectionEnabled: false, pageLoadStrategy: normal, platform: WINDOWS, platformName: WINDOWS, proxy: Proxy(), setWindowRect: true, strictFileInteractability: false, timeouts: {implicit: 0, pageLoad: 300000, script: 30000}, unhandledPromptBehavior: dismiss and notify, webauthn:extension:credBlob: true, webauthn:extension:largeBlob: true, webauthn:virtualAuthenticators: true}
Session ID: ff2ceb641e5a144cc2f238c974657ef5
*** Element info: {Using=xpath, value=//td[text()='Lenovo IdeaCentre 600 All-in-One PC']/following-sibling::td[text()='LE_IC_600']/following-sibling::td[text()='500']/following-sibling::td[text()='10000']/following-sibling::td[contains(@class,'text-center')]/i}
	at com.nopcommerce.admin.Admin.Admin_04_Search_With_Product_Name_Child_Category(Admin.java:179)
</failure>
    <system-out><![CDATA[[INFO ] [2021-09-17 16:31:50,844] Admin_04 - Step 1: Refresh Product Search Page
[INFO ] [2021-09-17 16:31:52,921] Admin_04 - Step 2: Input 'Lenovo IdeaCentre 600 All-in-One PC' to textbox Product Name
[INFO ] [2021-09-17 16:31:53,154] Admin_04 - Step 3: Select 'Computers >> Desktops' from Dropdown Category
[INFO ] [2021-09-17 16:31:53,312] Admin_04 - Step 4: Click to Seach button
[INFO ] [2021-09-17 16:31:55,428] Admin_04 - Step 5: Verify only 1 item displayed
[INFO ] [2021-09-17 16:31:55,497]  -------------------------- PASSED -------------------------- 
[INFO ] [2021-09-17 16:31:55,497] Admin_03 - Step 6: Verify data is displayed with 'Lenovo IdeaCentre 600 All-in-One PC','LE_IC_600','500','10000'
]]></system-out>
  </testcase>
  <testcase name="Admin_04_Search_With_Product_Name_Child_Category" classname="com.nopcommerce.admin.Admin" time="36.064">
    <failure message="Expected condition failed: waiting for visibility of element located by By.xpath: //td[text()=&apos;Lenovo IdeaCentre 600 All-in-One PC&apos;]/following-sibling::td[text()=&apos;LE_IC_600&apos;]/following-sibling::td[text()=&apos;500&apos;]/following-sibling::td[text()=&apos;10000&apos;]/following-sibling::td[contains(@class,&apos;text-center&apos;)]/i (tried for 30 second(s) with 500 milliseconds interval)" type="org.openqa.selenium.TimeoutException">org.openqa.selenium.TimeoutException: Expected condition failed: waiting for visibility of element located by By.xpath: //td[text()='Lenovo IdeaCentre 600 All-in-One PC']/following-sibling::td[text()='LE_IC_600']/following-sibling::td[text()='500']/following-sibling::td[text()='10000']/following-sibling::td[contains(@class,'text-center')]/i (tried for 30 second(s) with 500 milliseconds interval)
	at com.nopcommerce.admin.Admin.Admin_04_Search_With_Product_Name_Child_Category(Admin.java:179)
Caused by: org.openqa.selenium.NoSuchElementException: 
no such element: Unable to locate element: {"method":"xpath","selector":"//td[text()='Lenovo IdeaCentre 600 All-in-One PC']/following-sibling::td[text()='LE_IC_600']/following-sibling::td[text()='500']/following-sibling::td[text()='10000']/following-sibling::td[contains(@class,'text-center')]/i"}
  (Session info: MicrosoftEdge=93.0.961.47)
For documentation on this error, please visit: https://www.seleniumhq.org/exceptions/no_such_element.html
Build info: version: '3.141.59', revision: 'e82be7d358', time: '2018-11-14T08:17:03'
System info: host: 'DESKTOP-AL3VMHN', ip: '192.168.250.11', os.name: 'Windows 10', os.arch: 'amd64', os.version: '10.0', java.version: '1.8.0_181'
Driver info: org.openqa.selenium.edge.EdgeDriver
Capabilities {acceptInsecureCerts: false, browserName: msedge, browserVersion: 93.0.961.47, javascriptEnabled: true, ms:edgeOptions: {debuggerAddress: localhost:51665}, msedge: {msedgedriverVersion: 93.0.961.47 (c316d5ea591c75..., userDataDir: C:\Users\HP95\AppData\Local...}, networkConnectionEnabled: false, pageLoadStrategy: normal, platform: WINDOWS, platformName: WINDOWS, proxy: Proxy(), setWindowRect: true, strictFileInteractability: false, timeouts: {implicit: 0, pageLoad: 300000, script: 30000}, unhandledPromptBehavior: dismiss and notify, webauthn:extension:credBlob: true, webauthn:extension:largeBlob: true, webauthn:virtualAuthenticators: true}
Session ID: 35905bac8ce41dbe23764ce13f6eeabe
*** Element info: {Using=xpath, value=//td[text()='Lenovo IdeaCentre 600 All-in-One PC']/following-sibling::td[text()='LE_IC_600']/following-sibling::td[text()='500']/following-sibling::td[text()='10000']/following-sibling::td[contains(@class,'text-center')]/i}
	at com.nopcommerce.admin.Admin.Admin_04_Search_With_Product_Name_Child_Category(Admin.java:179)
</failure>
    <system-out><![CDATA[[INFO ] [2021-09-17 16:39:27,416] Admin_04 - Step 1: Refresh Product Search Page
[INFO ] [2021-09-17 16:39:30,804] Admin_04 - Step 2: Input 'Lenovo IdeaCentre 600 All-in-One PC' to textbox Product Name
[INFO ] [2021-09-17 16:39:31,015] Admin_04 - Step 3: Select 'Computers >> Desktops' from Dropdown Category
[INFO ] [2021-09-17 16:39:31,146] Admin_04 - Step 4: Click to Seach button
[INFO ] [2021-09-17 16:39:33,259] Admin_04 - Step 5: Verify only 1 item displayed
[INFO ] [2021-09-17 16:39:33,311]  -------------------------- PASSED -------------------------- 
[INFO ] [2021-09-17 16:39:33,311] Admin_03 - Step 6: Verify data is displayed with 'Lenovo IdeaCentre 600 All-in-One PC','LE_IC_600','500','10000'
]]></system-out>
  </testcase>
  <testcase name="Admin_05_Search_With_Product_Name_Manufacturer" classname="com.nopcommerce.admin.Admin" time="4.909"/>
  <testcase name="Admin_05_Search_With_Product_Name_Manufacturer" classname="com.nopcommerce.admin.Admin" time="3.682"/>
  <testcase name="Admin_05_Search_With_Product_Name_Manufacturer" classname="com.nopcommerce.admin.Admin" time="4.385"/>
  <testcase name="Admin_06_Go_Directly_To_SKU" classname="com.nopcommerce.admin.Admin" time="6.833"/>
  <testcase name="Admin_06_Go_Directly_To_SKU" classname="com.nopcommerce.admin.Admin" time="6.353"/>
  <testcase name="Admin_06_Go_Directly_To_SKU" classname="com.nopcommerce.admin.Admin" time="8.549"/>
  <testcase name="Admin_07_Create_New_Customer" classname="com.nopcommerce.admin.Admin" time="21.956"/>
  <testcase name="Admin_07_Create_New_Customer" classname="com.nopcommerce.admin.Admin" time="16.695"/>
  <testcase name="Admin_07_Create_New_Customer" classname="com.nopcommerce.admin.Admin" time="20.768"/>
  <testcase name="Admin_08_Search_Customer_With_Email" classname="com.nopcommerce.admin.Admin" time="5.648"/>
  <testcase name="Admin_08_Search_Customer_With_Email" classname="com.nopcommerce.admin.Admin" time="5.245"/>
  <testcase name="Admin_08_Search_Customer_With_Email" classname="com.nopcommerce.admin.Admin" time="6.39"/>
  <testcase name="Admin_09_Search_Customer_With_FirstName_LastName" classname="com.nopcommerce.admin.Admin" time="7.103"/>
  <testcase name="Admin_09_Search_Customer_With_FirstName_LastName" classname="com.nopcommerce.admin.Admin" time="6.96">
    <failure message="expected [1] but found [2]" type="java.lang.AssertionError">java.lang.AssertionError: expected [1] but found [2]
	at com.nopcommerce.admin.Admin.Admin_09_Search_Customer_With_FirstName_LastName(Admin.java:296)
</failure>
    <system-out><![CDATA[[INFO ] [2021-09-17 16:33:04,443]  -------------------------- PASSED -------------------------- 
[INFO ] [2021-09-17 16:33:04,503]  -------------------------- FAILED -------------------------- 
]]></system-out>
  </testcase>
  <testcase name="Admin_09_Search_Customer_With_FirstName_LastName" classname="com.nopcommerce.admin.Admin" time="6.968">
    <failure message="expected [1] but found [3]" type="java.lang.AssertionError">java.lang.AssertionError: expected [1] but found [3]
	at com.nopcommerce.admin.Admin.Admin_09_Search_Customer_With_FirstName_LastName(Admin.java:296)
</failure>
    <system-out><![CDATA[[INFO ] [2021-09-17 16:40:50,327]  -------------------------- PASSED -------------------------- 
[INFO ] [2021-09-17 16:40:50,399]  -------------------------- FAILED -------------------------- 
]]></system-out>
  </testcase>
  <testcase name="Admin_10_Search_Customer_With_Company" classname="com.nopcommerce.admin.Admin" time="6.805"/>
  <testcase name="Admin_10_Search_Customer_With_Company" classname="com.nopcommerce.admin.Admin" time="6.763">
    <failure message="expected [1] but found [2]" type="java.lang.AssertionError">java.lang.AssertionError: expected [1] but found [2]
	at com.nopcommerce.admin.Admin.Admin_10_Search_Customer_With_Company(Admin.java:309)
</failure>
    <system-out><![CDATA[[INFO ] [2021-09-17 16:33:11,208]  -------------------------- PASSED -------------------------- 
[INFO ] [2021-09-17 16:33:11,268]  -------------------------- FAILED -------------------------- 
]]></system-out>
  </testcase>
  <testcase name="Admin_10_Search_Customer_With_Company" classname="com.nopcommerce.admin.Admin" time="6.988">
    <failure message="expected [1] but found [3]" type="java.lang.AssertionError">java.lang.AssertionError: expected [1] but found [3]
	at com.nopcommerce.admin.Admin.Admin_10_Search_Customer_With_Company(Admin.java:309)
</failure>
    <system-out><![CDATA[[INFO ] [2021-09-17 16:40:57,349]  -------------------------- PASSED -------------------------- 
[INFO ] [2021-09-17 16:40:57,425]  -------------------------- FAILED -------------------------- 
]]></system-out>
  </testcase>
  <testcase name="Admin_11_Search_Customer_With_Full_Data" classname="com.nopcommerce.admin.Admin" time="5.775"/>
  <testcase name="Admin_11_Search_Customer_With_Full_Data" classname="com.nopcommerce.admin.Admin" time="5.722"/>
  <testcase name="Admin_11_Search_Customer_With_Full_Data" classname="com.nopcommerce.admin.Admin" time="6.065"/>
  <testcase name="Admin_12_Edit_Customer" classname="com.nopcommerce.admin.Admin" time="17.82"/>
  <testcase name="Admin_12_Edit_Customer" classname="com.nopcommerce.admin.Admin" time="15.876"/>
  <testcase name="Admin_12_Edit_Customer" classname="com.nopcommerce.admin.Admin" time="16.567"/>
  <testcase name="Admin_13_Add_New_Address" classname="com.nopcommerce.admin.Admin" time="9.899">
    <failure message="The element reference of &lt;option&gt; is stale; either the element is no longer attached to the DOM, it is not in the current frame context, or the document has been refreshed&#10;For documentation on this error, please visit: https://www.seleniumhq.org/exceptions/stale_element_reference.html&#10;Build info: version: &apos;3.141.59&apos;, revision: &apos;e82be7d358&apos;, time: &apos;2018-11-14T08:17:03&apos;&#10;System info: host: &apos;DESKTOP-AL3VMHN&apos;, ip: &apos;192.168.250.11&apos;, os.name: &apos;Windows 10&apos;, os.arch: &apos;amd64&apos;, os.version: &apos;10.0&apos;, java.version: &apos;1.8.0_181&apos;&#10;Driver info: org.openqa.selenium.firefox.FirefoxDriver&#10;Capabilities {acceptInsecureCerts: true, browserName: firefox, browserVersion: 92.0, javascriptEnabled: true, moz:accessibilityChecks: false, moz:buildID: 20210903235534, moz:geckodriverVersion: 0.29.1, moz:headless: false, moz:processID: 10580, moz:profile: C:\Users\HP95\AppData\Local..., moz:shutdownTimeout: 60000, moz:useNonSpecCompliantPointerOrigin: false, moz:webdriverClick: true, pageLoadStrategy: normal, platform: WINDOWS, platformName: WINDOWS, platformVersion: 10.0, proxy: Proxy(), setWindowRect: true, strictFileInteractability: false, timeouts: {implicit: 0, pageLoad: 300000, script: 30000}, unhandledPromptBehavior: dismiss and notify}&#10;Session ID: a285db63-c79a-44e8-b916-d26a3befa1d8" type="org.openqa.selenium.StaleElementReferenceException"><![CDATA[org.openqa.selenium.StaleElementReferenceException: 
The element reference of <option> is stale; either the element is no longer attached to the DOM, it is not in the current frame context, or the document has been refreshed
For documentation on this error, please visit: https://www.seleniumhq.org/exceptions/stale_element_reference.html
Build info: version: '3.141.59', revision: 'e82be7d358', time: '2018-11-14T08:17:03'
System info: host: 'DESKTOP-AL3VMHN', ip: '192.168.250.11', os.name: 'Windows 10', os.arch: 'amd64', os.version: '10.0', java.version: '1.8.0_181'
Driver info: org.openqa.selenium.firefox.FirefoxDriver
Capabilities {acceptInsecureCerts: true, browserName: firefox, browserVersion: 92.0, javascriptEnabled: true, moz:accessibilityChecks: false, moz:buildID: 20210903235534, moz:geckodriverVersion: 0.29.1, moz:headless: false, moz:processID: 10580, moz:profile: C:\Users\HP95\AppData\Local..., moz:shutdownTimeout: 60000, moz:useNonSpecCompliantPointerOrigin: false, moz:webdriverClick: true, pageLoadStrategy: normal, platform: WINDOWS, platformName: WINDOWS, platformVersion: 10.0, proxy: Proxy(), setWindowRect: true, strictFileInteractability: false, timeouts: {implicit: 0, pageLoad: 300000, script: 30000}, unhandledPromptBehavior: dismiss and notify}
Session ID: a285db63-c79a-44e8-b916-d26a3befa1d8
	at com.nopcommerce.admin.Admin.Admin_13_Add_New_Address(Admin.java:441)
]]></failure>
    <system-out><![CDATA[[INFO ] [2021-09-17 16:25:44,626] Admin_13 - Step 1: Refresh Customers Page
[INFO ] [2021-09-17 16:25:46,686] Admin_13 - Step 2: Input data to textbox Email with edit_automationfc_74576@mail.com
[INFO ] [2021-09-17 16:25:46,830] Admin_13 - Step 3: Input data to textbox FirstName with Edit Automation
[INFO ] [2021-09-17 16:25:46,950] Admin_13 - Step 4: Input data to textbox LastName with Edit FC
[INFO ] [2021-09-17 16:25:47,056] Admin_13 - Step 5: Select from dropdown Month with '2'
[INFO ] [2021-09-17 16:25:47,375] Admin_13 - Step 6: Select from dropdown Day with '2'
[INFO ] [2021-09-17 16:25:47,687] Admin_13 - Step 7: Input data to textbox LastName with Edit Automation FC
[INFO ] [2021-09-17 16:25:47,797] Admin_13 - Step 8: Close default 'Registered' role of dropdown 'Customer Roles'
[INFO ] [2021-09-17 16:25:47,910] Admin_13 - Step 9:  Select from dropdown Customer Roles with data Guests
[INFO ] [2021-09-17 16:25:49,055] Admin_13 - Step 10: Click to Search button
[INFO ] [2021-09-17 16:25:50,390] Admin_13 - Step 11: Click to Edit button on table data
[INFO ] [2021-09-17 16:25:51,136] Admin_13 - Step 12: Navigate to Customer Edit Page
[INFO ] [2021-09-17 16:25:51,136] Admin_13 - Step 13: Click to expand icon on Addresses
[INFO ] [2021-09-17 16:25:51,316] Admin_13 - Step 14: Click to 'Add new address' button
[INFO ] [2021-09-17 16:25:53,528] Admin_13 - Step 15: Input data to First name textbox
[INFO ] [2021-09-17 16:25:53,643] Admin_13 - Step 16: Input data to Last name textbox
[INFO ] [2021-09-17 16:25:53,750] Admin_13 - Step 17: Input data to Email textbox
[INFO ] [2021-09-17 16:25:53,925] Admin_13 - Step 18: Input data to Company textbox
[INFO ] [2021-09-17 16:25:54,050] Admin_13 - Step 19: Select from Country dropdown with data Viet Nam
[INFO ] [2021-09-17 16:25:54,370] Admin_13 - Step 20: Select from State/province dropdown with data Other
]]></system-out>
  </testcase>
  <testcase name="Admin_13_Add_New_Address" classname="com.nopcommerce.admin.Admin" time="17.494"/>
  <testcase name="Admin_13_Add_New_Address" classname="com.nopcommerce.admin.Admin" time="17.297"/>
  <testcase name="Admin_14_Edit_Address" classname="com.nopcommerce.admin.Admin" time="30.086">
    <failure message="Expected condition failed: waiting for element to be clickable: By.xpath: //a[contains(.,&apos;back to customer list&apos;)] (tried for 30 second(s) with 500 milliseconds interval)" type="org.openqa.selenium.TimeoutException">org.openqa.selenium.TimeoutException: Expected condition failed: waiting for element to be clickable: By.xpath: //a[contains(.,'back to customer list')] (tried for 30 second(s) with 500 milliseconds interval)
	at com.nopcommerce.admin.Admin.Admin_14_Edit_Address(Admin.java:482)
Caused by: org.openqa.selenium.NoSuchElementException: 
Unable to locate element: //a[contains(.,'back to customer list')]
For documentation on this error, please visit: https://www.seleniumhq.org/exceptions/no_such_element.html
Build info: version: '3.141.59', revision: 'e82be7d358', time: '2018-11-14T08:17:03'
System info: host: 'DESKTOP-AL3VMHN', ip: '192.168.250.11', os.name: 'Windows 10', os.arch: 'amd64', os.version: '10.0', java.version: '1.8.0_181'
Driver info: org.openqa.selenium.firefox.FirefoxDriver
Capabilities {acceptInsecureCerts: true, browserName: firefox, browserVersion: 92.0, javascriptEnabled: true, moz:accessibilityChecks: false, moz:buildID: 20210903235534, moz:geckodriverVersion: 0.29.1, moz:headless: false, moz:processID: 10580, moz:profile: C:\Users\HP95\AppData\Local..., moz:shutdownTimeout: 60000, moz:useNonSpecCompliantPointerOrigin: false, moz:webdriverClick: true, pageLoadStrategy: normal, platform: WINDOWS, platformName: WINDOWS, platformVersion: 10.0, proxy: Proxy(), setWindowRect: true, strictFileInteractability: false, timeouts: {implicit: 0, pageLoad: 300000, script: 30000}, unhandledPromptBehavior: dismiss and notify}
Session ID: a285db63-c79a-44e8-b916-d26a3befa1d8
*** Element info: {Using=xpath, value=//a[contains(.,'back to customer list')]}
	at com.nopcommerce.admin.Admin.Admin_14_Edit_Address(Admin.java:482)
</failure>
    <system-out><![CDATA[[INFO ] [2021-09-17 16:25:54,527] Admin_14 - Step 1: Click to 'back to customer list'
]]></system-out>
  </testcase>
  <testcase name="Admin_14_Edit_Address" classname="com.nopcommerce.admin.Admin" time="18.636"/>
  <testcase name="Admin_14_Edit_Address" classname="com.nopcommerce.admin.Admin" time="18.761"/>
  <testcase name="Admin_15_Delete_Address" classname="com.nopcommerce.admin.Admin" time="30.086">
    <failure message="Expected condition failed: waiting for element to be clickable: By.xpath: //a[contains(.,&apos;back to customer list&apos;)] (tried for 30 second(s) with 500 milliseconds interval)" type="org.openqa.selenium.TimeoutException">org.openqa.selenium.TimeoutException: Expected condition failed: waiting for element to be clickable: By.xpath: //a[contains(.,'back to customer list')] (tried for 30 second(s) with 500 milliseconds interval)
	at com.nopcommerce.admin.Admin.Admin_15_Delete_Address(Admin.java:585)
Caused by: org.openqa.selenium.NoSuchElementException: 
Unable to locate element: //a[contains(.,'back to customer list')]
For documentation on this error, please visit: https://www.seleniumhq.org/exceptions/no_such_element.html
Build info: version: '3.141.59', revision: 'e82be7d358', time: '2018-11-14T08:17:03'
System info: host: 'DESKTOP-AL3VMHN', ip: '192.168.250.11', os.name: 'Windows 10', os.arch: 'amd64', os.version: '10.0', java.version: '1.8.0_181'
Driver info: org.openqa.selenium.firefox.FirefoxDriver
Capabilities {acceptInsecureCerts: true, browserName: firefox, browserVersion: 92.0, javascriptEnabled: true, moz:accessibilityChecks: false, moz:buildID: 20210903235534, moz:geckodriverVersion: 0.29.1, moz:headless: false, moz:processID: 10580, moz:profile: C:\Users\HP95\AppData\Local..., moz:shutdownTimeout: 60000, moz:useNonSpecCompliantPointerOrigin: false, moz:webdriverClick: true, pageLoadStrategy: normal, platform: WINDOWS, platformName: WINDOWS, platformVersion: 10.0, proxy: Proxy(), setWindowRect: true, strictFileInteractability: false, timeouts: {implicit: 0, pageLoad: 300000, script: 30000}, unhandledPromptBehavior: dismiss and notify}
Session ID: a285db63-c79a-44e8-b916-d26a3befa1d8
*** Element info: {Using=xpath, value=//a[contains(.,'back to customer list')]}
	at com.nopcommerce.admin.Admin.Admin_15_Delete_Address(Admin.java:585)
</failure>
    <system-out><![CDATA[[INFO ] [2021-09-17 16:26:24,615] Admin_15 - Step 1: Click to 'back to customer list'
]]></system-out>
  </testcase>
  <testcase name="Admin_15_Delete_Address" classname="com.nopcommerce.admin.Admin" time="8.838"/>
  <testcase name="Admin_15_Delete_Address" classname="com.nopcommerce.admin.Admin" time="8.73"/>
</testsuite>