<?xml version="1.0" encoding="UTF-8"?>
<testsuite name="Run on Chrome"
           tests="16"
           failures="2"
           errors="0"
           skipped="0"
           time="128.418">
  <properties />
            <testcase name="Admin_10_Search_Customer_With_Company" time="6.684" classname="com.nopcommerce.admin.Admin">
                <failure type="java.lang.AssertionError"
                  message="expected [1] but found [3]"
              >
<![CDATA[java.lang.AssertionError: expected [1] but found [3]
  org.testng.Assert.fail(Assert.java:96)
  org.testng.Assert.failNotEquals(Assert.java:776)
  org.testng.Assert.assertEqualsImpl(Assert.java:137)
  org.testng.Assert.assertEquals(Assert.java:118)
  org.testng.Assert.assertEquals(Assert.java:442)
  commons.BaseTest.checkEquals(BaseTest.java:182)
  commons.BaseTest.verifyEquals(BaseTest.java:194)
  com.nopcommerce.admin.Admin.Admin_10_Search_Customer_With_Company(Admin.java:309)
  sun.reflect.NativeMethodAccessorImpl.invoke0(Native Method)
  sun.reflect.NativeMethodAccessorImpl.invoke(NativeMethodAccessorImpl.java:62)
  sun.reflect.DelegatingMethodAccessorImpl.invoke(DelegatingMethodAccessorImpl.java:43)
  java.lang.reflect.Method.invoke(Method.java:498)
  org.testng.internal.MethodInvocationHelper.invokeMethod(MethodInvocationHelper.java:124)
  org.testng.internal.Invoker.invokeMethod(Invoker.java:583)
  org.testng.internal.Invoker.invokeTestMethod(Invoker.java:719)
  org.testng.internal.Invoker.invokeTestMethods(Invoker.java:989)
  org.testng.internal.TestMethodWorker.invokeTestMethods(TestMethodWorker.java:125)
  org.testng.internal.TestMethodWorker.run(TestMethodWorker.java:109)
  org.testng.TestRunner.privateRun(TestRunner.java:648)
  org.testng.TestRunner.run(TestRunner.java:505)
  org.testng.SuiteRunner.runTest(SuiteRunner.java:455)
  org.testng.SuiteRunner.runSequentially(SuiteRunner.java:450)
  org.testng.SuiteRunner.privateRun(SuiteRunner.java:415)
  org.testng.SuiteRunner.run(SuiteRunner.java:364)
  org.testng.SuiteRunnerWorker.runSuite(SuiteRunnerWorker.java:52)
  org.testng.SuiteRunnerWorker.run(SuiteRunnerWorker.java:84)
  org.testng.TestNG.runSuitesSequentially(TestNG.java:1208)
  org.testng.TestNG.runSuitesLocally(TestNG.java:1137)
  org.testng.TestNG.runSuites(TestNG.java:1049)
  org.testng.TestNG.run(TestNG.java:1017)
  org.testng.remote.AbstractRemoteTestNG.run(AbstractRemoteTestNG.java:115)
  org.testng.remote.RemoteTestNG.initAndRun(RemoteTestNG.java:251)
  org.testng.remote.RemoteTestNG.main(RemoteTestNG.java:77)
]]>
      </failure>

          </testcase>
            <testcase name="Admin_09_Search_Customer_With_FirstName_LastName" time="6.842" classname="com.nopcommerce.admin.Admin">
                <failure type="java.lang.AssertionError"
                  message="expected [1] but found [3]"
              >
<![CDATA[java.lang.AssertionError: expected [1] but found [3]
  org.testng.Assert.fail(Assert.java:96)
  org.testng.Assert.failNotEquals(Assert.java:776)
  org.testng.Assert.assertEqualsImpl(Assert.java:137)
  org.testng.Assert.assertEquals(Assert.java:118)
  org.testng.Assert.assertEquals(Assert.java:442)
  commons.BaseTest.checkEquals(BaseTest.java:182)
  commons.BaseTest.verifyEquals(BaseTest.java:194)
  com.nopcommerce.admin.Admin.Admin_09_Search_Customer_With_FirstName_LastName(Admin.java:296)
  sun.reflect.NativeMethodAccessorImpl.invoke0(Native Method)
  sun.reflect.NativeMethodAccessorImpl.invoke(NativeMethodAccessorImpl.java:62)
  sun.reflect.DelegatingMethodAccessorImpl.invoke(DelegatingMethodAccessorImpl.java:43)
  java.lang.reflect.Method.invoke(Method.java:498)
  org.testng.internal.MethodInvocationHelper.invokeMethod(MethodInvocationHelper.java:124)
  org.testng.internal.Invoker.invokeMethod(Invoker.java:583)
  org.testng.internal.Invoker.invokeTestMethod(Invoker.java:719)
  org.testng.internal.Invoker.invokeTestMethods(Invoker.java:989)
  org.testng.internal.TestMethodWorker.invokeTestMethods(TestMethodWorker.java:125)
  org.testng.internal.TestMethodWorker.run(TestMethodWorker.java:109)
  org.testng.TestRunner.privateRun(TestRunner.java:648)
  org.testng.TestRunner.run(TestRunner.java:505)
  org.testng.SuiteRunner.runTest(SuiteRunner.java:455)
  org.testng.SuiteRunner.runSequentially(SuiteRunner.java:450)
  org.testng.SuiteRunner.privateRun(SuiteRunner.java:415)
  org.testng.SuiteRunner.run(SuiteRunner.java:364)
  org.testng.SuiteRunnerWorker.runSuite(SuiteRunnerWorker.java:52)
  org.testng.SuiteRunnerWorker.run(SuiteRunnerWorker.java:84)
  org.testng.TestNG.runSuitesSequentially(TestNG.java:1208)
  org.testng.TestNG.runSuitesLocally(TestNG.java:1137)
  org.testng.TestNG.runSuites(TestNG.java:1049)
  org.testng.TestNG.run(TestNG.java:1017)
  org.testng.remote.AbstractRemoteTestNG.run(AbstractRemoteTestNG.java:115)
  org.testng.remote.RemoteTestNG.initAndRun(RemoteTestNG.java:251)
  org.testng.remote.RemoteTestNG.main(RemoteTestNG.java:77)
]]>
      </failure>

          </testcase>
  
  
            <testcase name="Admin_02_Search_With_Product_Name_Parent_Category_Unchecked" time="2.949" classname="com.nopcommerce.admin.Admin" />
                <testcase name="Admin_06_Go_Directly_To_SKU" time="6.249" classname="com.nopcommerce.admin.Admin" />
                <testcase name="Admin_04_Search_With_Product_Name_Child_Category" time="4.616" classname="com.nopcommerce.admin.Admin" />
                <testcase name="Admin_08_Search_Customer_With_Email" time="4.704" classname="com.nopcommerce.admin.Admin" />
                <testcase name="Admin_03_Search_With_Product_Name_Parent_Category_Checked" time="3.797" classname="com.nopcommerce.admin.Admin" />
                <testcase name="Admin_01_Search_With_Product_Name" time="3.845" classname="com.nopcommerce.admin.Admin" />
                <testcase name="Admin_07_Create_New_Customer" time="15.770" classname="com.nopcommerce.admin.Admin" />
                <testcase name="Admin_15_Delete_Address" time="9.416" classname="com.nopcommerce.admin.Admin" />
                <testcase name="Admin_00_Login_To_Admin_Page" time="3.304" classname="com.nopcommerce.admin.Admin" />
                <testcase name="Admin_11_Search_Customer_With_Full_Data" time="5.362" classname="com.nopcommerce.admin.Admin" />
                <testcase name="Admin_13_Add_New_Address" time="17.005" classname="com.nopcommerce.admin.Admin" />
                <testcase name="Admin_05_Search_With_Product_Name_Manufacturer" time="3.743" classname="com.nopcommerce.admin.Admin" />
                <testcase name="Admin_12_Edit_Customer" time="15.729" classname="com.nopcommerce.admin.Admin" />
                <testcase name="Admin_14_Edit_Address" time="18.403" classname="com.nopcommerce.admin.Admin" />
      
</testsuite>
