<?xml version="1.0" encoding="UTF-8"?>
<!-- Generated by org.testng.reporters.JUnitXMLReporter -->
<testsuite hostname="DESKTOP-AL3VMHN" ignored="7" name="Run on Firefox" tests="54" failures="6" timestamp="17 Sep 2021 09:26:57 GMT" time="518.624" errors="0">
  <testcase name="Register_00_All_Info_Correct" time="5.992" classname="com.nopcommerce.register.Register_Account"/>
  <testcase name="Register_01_Empty_Data" time="1.991" classname="com.nopcommerce.register.Register_Account"/>
  <testcase name="Register_02_Invalid_Email" time="1.563" classname="com.nopcommerce.register.Register_Account"/>
  <testcase name="Register_03_Email_Exist" time="1.402" classname="com.nopcommerce.register.Register_Account"/>
  <testcase name="Register_04_Password_Less_Than_Six_Characters" time="1.221" classname="com.nopcommerce.register.Register_Account"/>
  <testcase name="Register_05_Password_Not_Match_ConfimPassword" time="2.234" classname="com.nopcommerce.register.Register_Account"/>
  <testcase name="Login_01_Empty_Data" time="1.982" classname="com.nopcommerce.login.Login_To_Page"/>
  <testcase name="Login_02_Invalid_Email" time="0.542" classname="com.nopcommerce.login.Login_To_Page"/>
  <testcase name="Login_03_Unregisted_Email" time="1.422" classname="com.nopcommerce.login.Login_To_Page"/>
  <testcase name="Login_04_Registed_Email_Empty_Password" time="1.479" classname="com.nopcommerce.login.Login_To_Page"/>
  <testcase name="Login_05_Registed_Email_Wrong_Password" time="1.416" classname="com.nopcommerce.login.Login_To_Page"/>
  <testcase name="Login_06_Correct_Email_Password" time="3.894" classname="com.nopcommerce.login.Login_To_Page"/>
  <testcase name="My_Account_00_Login_To_Page" time="3.746" classname="com.nopcommerce.myaccount.My_Account"/>
  <testcase name="My_Account_01_Update_Customer_Info" time="5.108" classname="com.nopcommerce.myaccount.My_Account"/>
  <testcase name="My_Account_02_Add_Addresses" time="5.425" classname="com.nopcommerce.myaccount.My_Account"/>
  <testcase name="My_Account_03_Change_Info" time="2.637" classname="com.nopcommerce.myaccount.My_Account"/>
  <testcase name="My_Account_04_Add_Review" time="6.389" classname="com.nopcommerce.myaccount.My_Account"/>
  <testcase name="Search_Advanced_Search_00_Login_To_Page" time="3.414" classname="com.nopcommerce.search.Search_Advanced_Search"/>
  <testcase name="Search_Advanced_Search_01_Search_With_Empty_Data" time="2.553" classname="com.nopcommerce.search.Search_Advanced_Search"/>
  <testcase name="Search_Advanced_Search_02_Search_With_Data_Exist" time="0.729" classname="com.nopcommerce.search.Search_Advanced_Search"/>
  <testcase name="Search_Advanced_Search_03_Search_With_Product_Name_Relatively" time="0.692" classname="com.nopcommerce.search.Search_Advanced_Search"/>
  <testcase name="Search_Advanced_Search_04_Search_With_Product_Name_Precisely" time="0.663" classname="com.nopcommerce.search.Search_Advanced_Search"/>
  <testcase name="Search_Advanced_Search_05_Advanced_Search_With_Parent_Categories" time="2.054" classname="com.nopcommerce.search.Search_Advanced_Search"/>
  <testcase name="Search_Advanced_Search_06_Advanced_Search_With_Sub_Categories" time="1.304" classname="com.nopcommerce.search.Search_Advanced_Search"/>
  <testcase name="Search_Advanced_Search_07_Advanced_Search_With_Incorrect_Manufacturer" time="2.098" classname="com.nopcommerce.search.Search_Advanced_Search"/>
  <testcase name="Search_Advanced_Search_08_Advanced_Search_With_Correct_Manufacturer" time="1.419" classname="com.nopcommerce.search.Search_Advanced_Search"/>
  <testcase name="Sort_Display_Paging_01_Sort_With_Name_A_To_Z" time="4.223" classname="com.nopcommerce.sort.Sort_Display_Paging"/>
  <testcase name="Sort_Display_Paging_02_Sort_With_Name_Z_To_A" time="4.012" classname="com.nopcommerce.sort.Sort_Display_Paging"/>
  <testcase name="Sort_Display_Paging_03_Sort_With_Price_Low_To_High" time="4.01" classname="com.nopcommerce.sort.Sort_Display_Paging"/>
  <testcase name="Sort_Display_Paging_04_Sort_With_Price_High_To_Low" time="3.241" classname="com.nopcommerce.sort.Sort_Display_Paging"/>
  <testcase name="Sort_Display_Paging_05_Display_Three_Products_Per_Page" time="5.669" classname="com.nopcommerce.sort.Sort_Display_Paging"/>
  <testcase name="Sort_Display_Paging_06_Display_Six_Products_Per_Page" time="10.85" classname="com.nopcommerce.sort.Sort_Display_Paging"/>
  <testcase name="Sort_Display_Paging_07_Display_Nine_Products_Per_Page" time="10.285" classname="com.nopcommerce.sort.Sort_Display_Paging"/>
  <testcase name="Wishlist_Compare_RecentView_01_Add_To_Wishlist" time="6.757" classname="com.nopcommerce.wishlist.Wishlist_Compare_RecentView"/>
  <testcase name="Wishlist_Compare_RecentView_02_Add_To_Cart_From_Wishlist" time="2.168" classname="com.nopcommerce.wishlist.Wishlist_Compare_RecentView"/>
  <testcase name="Wishlist_Compare_RecentView_03_Remove_Product_From_Wishlist" time="9.45" classname="com.nopcommerce.wishlist.Wishlist_Compare_RecentView"/>
  <testcase name="Wishlist_Compare_RecentView_04_Add_Product_To_Compare" time="33.863" classname="com.nopcommerce.wishlist.Wishlist_Compare_RecentView"/>
  <testcase name="Wishlist_Compare_RecentView_05_Recently_Viewed_Products" time="10.94" classname="com.nopcommerce.wishlist.Wishlist_Compare_RecentView"/>
  <testcase name="Admin_00_Login_To_Admin_Page" time="13.495" classname="com.nopcommerce.admin.Admin"/>
  <testcase name="Admin_01_Search_With_Product_Name" time="34.494" classname="com.nopcommerce.admin.Admin">
    <failure type="org.openqa.selenium.TimeoutException" message="Expected condition failed: waiting for visibility of element located by By.xpath: //td[text()=&amp;apos;Lenovo IdeaCentre 600 All-in-One PC&amp;apos;]/following-sibling::td[text()=&amp;apos;LE_IC_600&amp;apos;]/following-sibling::td[text()=&amp;apos;500&amp;apos;]/following-sibling::td[text()=&amp;apos;10000&amp;apos;]/following-sibling::td[contains(@class,&amp;apos;text-center&amp;apos;)]/i (tried for 30 second(s) with 500 milliseconds interval)">
      <![CDATA[org.openqa.selenium.TimeoutException: Expected condition failed: waiting for visibility of element located by By.xpath: //td[text()='Lenovo IdeaCentre 600 All-in-One PC']/following-sibling::td[text()='LE_IC_600']/following-sibling::td[text()='500']/following-sibling::td[text()='10000']/following-sibling::td[contains(@class,'text-center')]/i (tried for 30 second(s) with 500 milliseconds interval)
at org.openqa.selenium.support.ui.WebDriverWait.timeoutException(WebDriverWait.java:95)
at org.openqa.selenium.support.ui.FluentWait.until(FluentWait.java:272)
at commons.BasePage.waitForElementVisible(BasePage.java:445)
at commons.BasePage.isRowValueDisplayed(BasePage.java:582)
at com.nopcommerce.admin.Admin.Admin_01_Search_With_Product_Name(Admin.java:107)
Caused by: org.openqa.selenium.NoSuchElementException: Unable to locate element: //td[text()='Lenovo IdeaCentre 600 All-in-One PC']/following-sibling::td[text()='LE_IC_600']/following-sibling::td[text()='500']/following-sibling::td[text()='10000']/following-sibling::td[contains(@class,'text-center')]/i
For documentation on this error, please visit: https://www.seleniumhq.org/exceptions/no_such_element.html
Build info: version: '3.141.59', revision: 'e82be7d358', time: '2018-11-14T08:17:03'
System info: host: 'DESKTOP-AL3VMHN', ip: '192.168.250.11', os.name: 'Windows 10', os.arch: 'amd64', os.version: '10.0', java.version: '1.8.0_181'
Driver info: org.openqa.selenium.firefox.FirefoxDriver
Capabilities {acceptInsecureCerts: true, browserName: firefox, browserVersion: 92.0, javascriptEnabled: true, moz:accessibilityChecks: false, moz:buildID: 20210903235534, moz:geckodriverVersion: 0.29.1, moz:headless: false, moz:processID: 10580, moz:profile: C:\Users\HP95\AppData\Local..., moz:shutdownTimeout: 60000, moz:useNonSpecCompliantPointerOrigin: false, moz:webdriverClick: true, pageLoadStrategy: normal, platform: WINDOWS, platformName: WINDOWS, platformVersion: 10.0, proxy: Proxy(), setWindowRect: true, strictFileInteractability: false, timeouts: {implicit: 0, pageLoad: 300000, script: 30000}, unhandledPromptBehavior: dismiss and notify}
Session ID: a285db63-c79a-44e8-b916-d26a3befa1d8
*** Element info: {Using=xpath, value=//td[text()='Lenovo IdeaCentre 600 All-in-One PC']/following-sibling::td[text()='LE_IC_600']/following-sibling::td[text()='500']/following-sibling::td[text()='10000']/following-sibling::td[contains(@class,'text-center')]/i}
at org.openqa.selenium.remote.http.W3CHttpResponseCodec.createException(W3CHttpResponseCodec.java:187)
at org.openqa.selenium.remote.http.W3CHttpResponseCodec.decode(W3CHttpResponseCodec.java:122)
at org.openqa.selenium.remote.http.W3CHttpResponseCodec.decode(W3CHttpResponseCodec.java:49)
at org.openqa.selenium.remote.HttpCommandExecutor.execute(HttpCommandExecutor.java:158)
at org.openqa.selenium.remote.service.DriverCommandExecutor.execute(DriverCommandExecutor.java:83)
at org.openqa.selenium.remote.RemoteWebDriver.execute(RemoteWebDriver.java:552)
at org.openqa.selenium.remote.RemoteWebDriver.findElement(RemoteWebDriver.java:323)
at org.openqa.selenium.remote.RemoteWebDriver.findElementByXPath(RemoteWebDriver.java:428)
at org.openqa.selenium.By$ByXPath.findElement(By.java:353)
at org.openqa.selenium.remote.RemoteWebDriver.findElement(RemoteWebDriver.java:315)
at org.openqa.selenium.support.ui.ExpectedConditions$7.apply(ExpectedConditions.java:205)
at org.openqa.selenium.support.ui.ExpectedConditions$7.apply(ExpectedConditions.java:201)
at org.openqa.selenium.support.ui.FluentWait.until(FluentWait.java:249)
... 32 more
... Removed 33 stack frames]]>
    </failure>
  </testcase> <!-- Admin_01_Search_With_Product_Name -->
  <testcase name="Admin_02_Search_With_Product_Name_Parent_Category_Unchecked" time="4.709" classname="com.nopcommerce.admin.Admin"/>
  <testcase name="Admin_03_Search_With_Product_Name_Parent_Category_Checked" time="35.101" classname="com.nopcommerce.admin.Admin">
    <failure type="org.openqa.selenium.TimeoutException" message="Expected condition failed: waiting for visibility of element located by By.xpath: //td[text()=&amp;apos;Lenovo IdeaCentre 600 All-in-One PC&amp;apos;]/following-sibling::td[text()=&amp;apos;LE_IC_600&amp;apos;]/following-sibling::td[text()=&amp;apos;500&amp;apos;]/following-sibling::td[text()=&amp;apos;10000&amp;apos;]/following-sibling::td[contains(@class,&amp;apos;text-center&amp;apos;)]/i (tried for 30 second(s) with 500 milliseconds interval)">
      <![CDATA[org.openqa.selenium.TimeoutException: Expected condition failed: waiting for visibility of element located by By.xpath: //td[text()='Lenovo IdeaCentre 600 All-in-One PC']/following-sibling::td[text()='LE_IC_600']/following-sibling::td[text()='500']/following-sibling::td[text()='10000']/following-sibling::td[contains(@class,'text-center')]/i (tried for 30 second(s) with 500 milliseconds interval)
at org.openqa.selenium.support.ui.WebDriverWait.timeoutException(WebDriverWait.java:95)
at org.openqa.selenium.support.ui.FluentWait.until(FluentWait.java:272)
at commons.BasePage.waitForElementVisible(BasePage.java:445)
at commons.BasePage.isRowValueDisplayed(BasePage.java:582)
at com.nopcommerce.admin.Admin.Admin_03_Search_With_Product_Name_Parent_Category_Checked(Admin.java:155)
Caused by: org.openqa.selenium.NoSuchElementException: Unable to locate element: //td[text()='Lenovo IdeaCentre 600 All-in-One PC']/following-sibling::td[text()='LE_IC_600']/following-sibling::td[text()='500']/following-sibling::td[text()='10000']/following-sibling::td[contains(@class,'text-center')]/i
For documentation on this error, please visit: https://www.seleniumhq.org/exceptions/no_such_element.html
Build info: version: '3.141.59', revision: 'e82be7d358', time: '2018-11-14T08:17:03'
System info: host: 'DESKTOP-AL3VMHN', ip: '192.168.250.11', os.name: 'Windows 10', os.arch: 'amd64', os.version: '10.0', java.version: '1.8.0_181'
Driver info: org.openqa.selenium.firefox.FirefoxDriver
Capabilities {acceptInsecureCerts: true, browserName: firefox, browserVersion: 92.0, javascriptEnabled: true, moz:accessibilityChecks: false, moz:buildID: 20210903235534, moz:geckodriverVersion: 0.29.1, moz:headless: false, moz:processID: 10580, moz:profile: C:\Users\HP95\AppData\Local..., moz:shutdownTimeout: 60000, moz:useNonSpecCompliantPointerOrigin: false, moz:webdriverClick: true, pageLoadStrategy: normal, platform: WINDOWS, platformName: WINDOWS, platformVersion: 10.0, proxy: Proxy(), setWindowRect: true, strictFileInteractability: false, timeouts: {implicit: 0, pageLoad: 300000, script: 30000}, unhandledPromptBehavior: dismiss and notify}
Session ID: a285db63-c79a-44e8-b916-d26a3befa1d8
*** Element info: {Using=xpath, value=//td[text()='Lenovo IdeaCentre 600 All-in-One PC']/following-sibling::td[text()='LE_IC_600']/following-sibling::td[text()='500']/following-sibling::td[text()='10000']/following-sibling::td[contains(@class,'text-center')]/i}
at org.openqa.selenium.remote.http.W3CHttpResponseCodec.createException(W3CHttpResponseCodec.java:187)
at org.openqa.selenium.remote.http.W3CHttpResponseCodec.decode(W3CHttpResponseCodec.java:122)
at org.openqa.selenium.remote.http.W3CHttpResponseCodec.decode(W3CHttpResponseCodec.java:49)
at org.openqa.selenium.remote.HttpCommandExecutor.execute(HttpCommandExecutor.java:158)
at org.openqa.selenium.remote.service.DriverCommandExecutor.execute(DriverCommandExecutor.java:83)
at org.openqa.selenium.remote.RemoteWebDriver.execute(RemoteWebDriver.java:552)
at org.openqa.selenium.remote.RemoteWebDriver.findElement(RemoteWebDriver.java:323)
at org.openqa.selenium.remote.RemoteWebDriver.findElementByXPath(RemoteWebDriver.java:428)
at org.openqa.selenium.By$ByXPath.findElement(By.java:353)
at org.openqa.selenium.remote.RemoteWebDriver.findElement(RemoteWebDriver.java:315)
at org.openqa.selenium.support.ui.ExpectedConditions$7.apply(ExpectedConditions.java:205)
at org.openqa.selenium.support.ui.ExpectedConditions$7.apply(ExpectedConditions.java:201)
at org.openqa.selenium.support.ui.FluentWait.until(FluentWait.java:249)
... 32 more
... Removed 33 stack frames]]>
    </failure>
  </testcase> <!-- Admin_03_Search_With_Product_Name_Parent_Category_Checked -->
  <testcase name="Admin_04_Search_With_Product_Name_Child_Category" time="35.532" classname="com.nopcommerce.admin.Admin">
    <failure type="org.openqa.selenium.TimeoutException" message="Expected condition failed: waiting for visibility of element located by By.xpath: //td[text()=&amp;apos;Lenovo IdeaCentre 600 All-in-One PC&amp;apos;]/following-sibling::td[text()=&amp;apos;LE_IC_600&amp;apos;]/following-sibling::td[text()=&amp;apos;500&amp;apos;]/following-sibling::td[text()=&amp;apos;10000&amp;apos;]/following-sibling::td[contains(@class,&amp;apos;text-center&amp;apos;)]/i (tried for 30 second(s) with 500 milliseconds interval)">
      <![CDATA[org.openqa.selenium.TimeoutException: Expected condition failed: waiting for visibility of element located by By.xpath: //td[text()='Lenovo IdeaCentre 600 All-in-One PC']/following-sibling::td[text()='LE_IC_600']/following-sibling::td[text()='500']/following-sibling::td[text()='10000']/following-sibling::td[contains(@class,'text-center')]/i (tried for 30 second(s) with 500 milliseconds interval)
at org.openqa.selenium.support.ui.WebDriverWait.timeoutException(WebDriverWait.java:95)
at org.openqa.selenium.support.ui.FluentWait.until(FluentWait.java:272)
at commons.BasePage.waitForElementVisible(BasePage.java:445)
at commons.BasePage.isRowValueDisplayed(BasePage.java:582)
at com.nopcommerce.admin.Admin.Admin_04_Search_With_Product_Name_Child_Category(Admin.java:179)
Caused by: org.openqa.selenium.NoSuchElementException: Unable to locate element: //td[text()='Lenovo IdeaCentre 600 All-in-One PC']/following-sibling::td[text()='LE_IC_600']/following-sibling::td[text()='500']/following-sibling::td[text()='10000']/following-sibling::td[contains(@class,'text-center')]/i
For documentation on this error, please visit: https://www.seleniumhq.org/exceptions/no_such_element.html
Build info: version: '3.141.59', revision: 'e82be7d358', time: '2018-11-14T08:17:03'
System info: host: 'DESKTOP-AL3VMHN', ip: '192.168.250.11', os.name: 'Windows 10', os.arch: 'amd64', os.version: '10.0', java.version: '1.8.0_181'
Driver info: org.openqa.selenium.firefox.FirefoxDriver
Capabilities {acceptInsecureCerts: true, browserName: firefox, browserVersion: 92.0, javascriptEnabled: true, moz:accessibilityChecks: false, moz:buildID: 20210903235534, moz:geckodriverVersion: 0.29.1, moz:headless: false, moz:processID: 10580, moz:profile: C:\Users\HP95\AppData\Local..., moz:shutdownTimeout: 60000, moz:useNonSpecCompliantPointerOrigin: false, moz:webdriverClick: true, pageLoadStrategy: normal, platform: WINDOWS, platformName: WINDOWS, platformVersion: 10.0, proxy: Proxy(), setWindowRect: true, strictFileInteractability: false, timeouts: {implicit: 0, pageLoad: 300000, script: 30000}, unhandledPromptBehavior: dismiss and notify}
Session ID: a285db63-c79a-44e8-b916-d26a3befa1d8
*** Element info: {Using=xpath, value=//td[text()='Lenovo IdeaCentre 600 All-in-One PC']/following-sibling::td[text()='LE_IC_600']/following-sibling::td[text()='500']/following-sibling::td[text()='10000']/following-sibling::td[contains(@class,'text-center')]/i}
at org.openqa.selenium.remote.http.W3CHttpResponseCodec.createException(W3CHttpResponseCodec.java:187)
at org.openqa.selenium.remote.http.W3CHttpResponseCodec.decode(W3CHttpResponseCodec.java:122)
at org.openqa.selenium.remote.http.W3CHttpResponseCodec.decode(W3CHttpResponseCodec.java:49)
at org.openqa.selenium.remote.HttpCommandExecutor.execute(HttpCommandExecutor.java:158)
at org.openqa.selenium.remote.service.DriverCommandExecutor.execute(DriverCommandExecutor.java:83)
at org.openqa.selenium.remote.RemoteWebDriver.execute(RemoteWebDriver.java:552)
at org.openqa.selenium.remote.RemoteWebDriver.findElement(RemoteWebDriver.java:323)
at org.openqa.selenium.remote.RemoteWebDriver.findElementByXPath(RemoteWebDriver.java:428)
at org.openqa.selenium.By$ByXPath.findElement(By.java:353)
at org.openqa.selenium.remote.RemoteWebDriver.findElement(RemoteWebDriver.java:315)
at org.openqa.selenium.support.ui.ExpectedConditions$7.apply(ExpectedConditions.java:205)
at org.openqa.selenium.support.ui.ExpectedConditions$7.apply(ExpectedConditions.java:201)
at org.openqa.selenium.support.ui.FluentWait.until(FluentWait.java:249)
... 32 more
... Removed 33 stack frames]]>
    </failure>
  </testcase> <!-- Admin_04_Search_With_Product_Name_Child_Category -->
  <testcase name="Admin_05_Search_With_Product_Name_Manufacturer" time="4.91" classname="com.nopcommerce.admin.Admin"/>
  <testcase name="Admin_06_Go_Directly_To_SKU" time="6.833" classname="com.nopcommerce.admin.Admin"/>
  <testcase name="Admin_07_Create_New_Customer" time="21.957" classname="com.nopcommerce.admin.Admin"/>
  <testcase name="Admin_08_Search_Customer_With_Email" time="5.648" classname="com.nopcommerce.admin.Admin"/>
  <testcase name="Admin_09_Search_Customer_With_FirstName_LastName" time="7.104" classname="com.nopcommerce.admin.Admin"/>
  <testcase name="Admin_10_Search_Customer_With_Company" time="6.807" classname="com.nopcommerce.admin.Admin"/>
  <testcase name="Admin_11_Search_Customer_With_Full_Data" time="5.776" classname="com.nopcommerce.admin.Admin"/>
  <testcase name="Admin_12_Edit_Customer" time="17.819" classname="com.nopcommerce.admin.Admin"/>
  <testcase name="Admin_13_Add_New_Address" time="9.83" classname="com.nopcommerce.admin.Admin">
    <failure type="org.openqa.selenium.StaleElementReferenceException" message="The element reference of &amp;lt;option&amp;gt; is stale; either the element is no longer attached to the DOM, it is not in the current frame context, or the document has been refreshed
For documentation on this error, please visit: https://www.seleniumhq.org/exceptions/stale_element_reference.html
Build info: version: &amp;apos;3.141.59&amp;apos;, revision: &amp;apos;e82be7d358&amp;apos;, time: &amp;apos;2018-11-14T08:17:03&amp;apos;
System info: host: &amp;apos;DESKTOP-AL3VMHN&amp;apos;, ip: &amp;apos;192.168.250.11&amp;apos;, os.name: &amp;apos;Windows 10&amp;apos;, os.arch: &amp;apos;amd64&amp;apos;, os.version: &amp;apos;10.0&amp;apos;, java.version: &amp;apos;1.8.0_181&amp;apos;
Driver info: org.openqa.selenium.firefox.FirefoxDriver
Capabilities {acceptInsecureCerts: true, browserName: firefox, browserVersion: 92.0, javascriptEnabled: true, moz:accessibilityChecks: false, moz:buildID: 20210903235534, moz:geckodriverVersion: 0.29.1, moz:headless: false, moz:processID: 10580, moz:profile: C:\Users\HP95\AppData\Local..., moz:shutdownTimeout: 60000, moz:useNonSpecCompliantPointerOrigin: false, moz:webdriverClick: true, pageLoadStrategy: normal, platform: WINDOWS, platformName: WINDOWS, platformVersion: 10.0, proxy: Proxy(), setWindowRect: true, strictFileInteractability: false, timeouts: {implicit: 0, pageLoad: 300000, script: 30000}, unhandledPromptBehavior: dismiss and notify}
Session ID: a285db63-c79a-44e8-b916-d26a3befa1d8">
      <![CDATA[org.openqa.selenium.StaleElementReferenceException: The element reference of <option> is stale; either the element is no longer attached to the DOM, it is not in the current frame context, or the document has been refreshed
For documentation on this error, please visit: https://www.seleniumhq.org/exceptions/stale_element_reference.html
Build info: version: '3.141.59', revision: 'e82be7d358', time: '2018-11-14T08:17:03'
System info: host: 'DESKTOP-AL3VMHN', ip: '192.168.250.11', os.name: 'Windows 10', os.arch: 'amd64', os.version: '10.0', java.version: '1.8.0_181'
Driver info: org.openqa.selenium.firefox.FirefoxDriver
Capabilities {acceptInsecureCerts: true, browserName: firefox, browserVersion: 92.0, javascriptEnabled: true, moz:accessibilityChecks: false, moz:buildID: 20210903235534, moz:geckodriverVersion: 0.29.1, moz:headless: false, moz:processID: 10580, moz:profile: C:\Users\HP95\AppData\Local..., moz:shutdownTimeout: 60000, moz:useNonSpecCompliantPointerOrigin: false, moz:webdriverClick: true, pageLoadStrategy: normal, platform: WINDOWS, platformName: WINDOWS, platformVersion: 10.0, proxy: Proxy(), setWindowRect: true, strictFileInteractability: false, timeouts: {implicit: 0, pageLoad: 300000, script: 30000}, unhandledPromptBehavior: dismiss and notify}
Session ID: a285db63-c79a-44e8-b916-d26a3befa1d8
at org.openqa.selenium.remote.http.W3CHttpResponseCodec.createException(W3CHttpResponseCodec.java:187)
at org.openqa.selenium.remote.http.W3CHttpResponseCodec.decode(W3CHttpResponseCodec.java:122)
at org.openqa.selenium.remote.http.W3CHttpResponseCodec.decode(W3CHttpResponseCodec.java:49)
at org.openqa.selenium.remote.HttpCommandExecutor.execute(HttpCommandExecutor.java:158)
at org.openqa.selenium.remote.service.DriverCommandExecutor.execute(DriverCommandExecutor.java:83)
at org.openqa.selenium.remote.RemoteWebDriver.execute(RemoteWebDriver.java:552)
at org.openqa.selenium.remote.RemoteWebElement.execute(RemoteWebElement.java:285)
at org.openqa.selenium.remote.RemoteWebElement.isSelected(RemoteWebElement.java:146)
at org.openqa.selenium.support.ui.Select.setSelected(Select.java:310)
at org.openqa.selenium.support.ui.Select.selectByVisibleText(Select.java:116)
at commons.BasePage.selectItemInDropdown(BasePage.java:160)
at commons.BasePage.selectItemInDropdownByAttributeName(BasePage.java:541)
at com.nopcommerce.admin.Admin.Admin_13_Add_New_Address(Admin.java:441)
... Removed 33 stack frames]]>
    </failure>
  </testcase> <!-- Admin_13_Add_New_Address -->
  <testcase name="Admin_14_Edit_Address" time="30.02" classname="com.nopcommerce.admin.Admin">
    <failure type="org.openqa.selenium.TimeoutException" message="Expected condition failed: waiting for element to be clickable: By.xpath: //a[contains(.,&amp;apos;back to customer list&amp;apos;)] (tried for 30 second(s) with 500 milliseconds interval)">
      <![CDATA[org.openqa.selenium.TimeoutException: Expected condition failed: waiting for element to be clickable: By.xpath: //a[contains(.,'back to customer list')] (tried for 30 second(s) with 500 milliseconds interval)
at org.openqa.selenium.support.ui.WebDriverWait.timeoutException(WebDriverWait.java:95)
at org.openqa.selenium.support.ui.FluentWait.until(FluentWait.java:272)
at commons.BasePage.waitForElementClickable(BasePage.java:469)
at commons.BasePage.clickToButtonLinkByName(BasePage.java:567)
at com.nopcommerce.admin.Admin.Admin_14_Edit_Address(Admin.java:482)
Caused by: org.openqa.selenium.NoSuchElementException: Unable to locate element: //a[contains(.,'back to customer list')]
For documentation on this error, please visit: https://www.seleniumhq.org/exceptions/no_such_element.html
Build info: version: '3.141.59', revision: 'e82be7d358', time: '2018-11-14T08:17:03'
System info: host: 'DESKTOP-AL3VMHN', ip: '192.168.250.11', os.name: 'Windows 10', os.arch: 'amd64', os.version: '10.0', java.version: '1.8.0_181'
Driver info: org.openqa.selenium.firefox.FirefoxDriver
Capabilities {acceptInsecureCerts: true, browserName: firefox, browserVersion: 92.0, javascriptEnabled: true, moz:accessibilityChecks: false, moz:buildID: 20210903235534, moz:geckodriverVersion: 0.29.1, moz:headless: false, moz:processID: 10580, moz:profile: C:\Users\HP95\AppData\Local..., moz:shutdownTimeout: 60000, moz:useNonSpecCompliantPointerOrigin: false, moz:webdriverClick: true, pageLoadStrategy: normal, platform: WINDOWS, platformName: WINDOWS, platformVersion: 10.0, proxy: Proxy(), setWindowRect: true, strictFileInteractability: false, timeouts: {implicit: 0, pageLoad: 300000, script: 30000}, unhandledPromptBehavior: dismiss and notify}
Session ID: a285db63-c79a-44e8-b916-d26a3befa1d8
*** Element info: {Using=xpath, value=//a[contains(.,'back to customer list')]}
at org.openqa.selenium.remote.http.W3CHttpResponseCodec.createException(W3CHttpResponseCodec.java:187)
at org.openqa.selenium.remote.http.W3CHttpResponseCodec.decode(W3CHttpResponseCodec.java:122)
at org.openqa.selenium.remote.http.W3CHttpResponseCodec.decode(W3CHttpResponseCodec.java:49)
at org.openqa.selenium.remote.HttpCommandExecutor.execute(HttpCommandExecutor.java:158)
at org.openqa.selenium.remote.service.DriverCommandExecutor.execute(DriverCommandExecutor.java:83)
at org.openqa.selenium.remote.RemoteWebDriver.execute(RemoteWebDriver.java:552)
at org.openqa.selenium.remote.RemoteWebDriver.findElement(RemoteWebDriver.java:323)
at org.openqa.selenium.remote.RemoteWebDriver.findElementByXPath(RemoteWebDriver.java:428)
at org.openqa.selenium.By$ByXPath.findElement(By.java:353)
at org.openqa.selenium.remote.RemoteWebDriver.findElement(RemoteWebDriver.java:315)
at org.openqa.selenium.support.ui.ExpectedConditions$7.apply(ExpectedConditions.java:205)
at org.openqa.selenium.support.ui.ExpectedConditions$7.apply(ExpectedConditions.java:201)
at org.openqa.selenium.support.ui.ExpectedConditions$22.apply(ExpectedConditions.java:641)
at org.openqa.selenium.support.ui.ExpectedConditions$22.apply(ExpectedConditions.java:638)
at org.openqa.selenium.support.ui.FluentWait.until(FluentWait.java:249)
... 32 more
... Removed 33 stack frames]]>
    </failure>
  </testcase> <!-- Admin_14_Edit_Address -->
  <testcase name="Admin_15_Delete_Address" time="30.018" classname="com.nopcommerce.admin.Admin">
    <failure type="org.openqa.selenium.TimeoutException" message="Expected condition failed: waiting for element to be clickable: By.xpath: //a[contains(.,&amp;apos;back to customer list&amp;apos;)] (tried for 30 second(s) with 500 milliseconds interval)">
      <![CDATA[org.openqa.selenium.TimeoutException: Expected condition failed: waiting for element to be clickable: By.xpath: //a[contains(.,'back to customer list')] (tried for 30 second(s) with 500 milliseconds interval)
at org.openqa.selenium.support.ui.WebDriverWait.timeoutException(WebDriverWait.java:95)
at org.openqa.selenium.support.ui.FluentWait.until(FluentWait.java:272)
at commons.BasePage.waitForElementClickable(BasePage.java:469)
at commons.BasePage.clickToButtonLinkByName(BasePage.java:567)
at com.nopcommerce.admin.Admin.Admin_15_Delete_Address(Admin.java:585)
Caused by: org.openqa.selenium.NoSuchElementException: Unable to locate element: //a[contains(.,'back to customer list')]
For documentation on this error, please visit: https://www.seleniumhq.org/exceptions/no_such_element.html
Build info: version: '3.141.59', revision: 'e82be7d358', time: '2018-11-14T08:17:03'
System info: host: 'DESKTOP-AL3VMHN', ip: '192.168.250.11', os.name: 'Windows 10', os.arch: 'amd64', os.version: '10.0', java.version: '1.8.0_181'
Driver info: org.openqa.selenium.firefox.FirefoxDriver
Capabilities {acceptInsecureCerts: true, browserName: firefox, browserVersion: 92.0, javascriptEnabled: true, moz:accessibilityChecks: false, moz:buildID: 20210903235534, moz:geckodriverVersion: 0.29.1, moz:headless: false, moz:processID: 10580, moz:profile: C:\Users\HP95\AppData\Local..., moz:shutdownTimeout: 60000, moz:useNonSpecCompliantPointerOrigin: false, moz:webdriverClick: true, pageLoadStrategy: normal, platform: WINDOWS, platformName: WINDOWS, platformVersion: 10.0, proxy: Proxy(), setWindowRect: true, strictFileInteractability: false, timeouts: {implicit: 0, pageLoad: 300000, script: 30000}, unhandledPromptBehavior: dismiss and notify}
Session ID: a285db63-c79a-44e8-b916-d26a3befa1d8
*** Element info: {Using=xpath, value=//a[contains(.,'back to customer list')]}
at org.openqa.selenium.remote.http.W3CHttpResponseCodec.createException(W3CHttpResponseCodec.java:187)
at org.openqa.selenium.remote.http.W3CHttpResponseCodec.decode(W3CHttpResponseCodec.java:122)
at org.openqa.selenium.remote.http.W3CHttpResponseCodec.decode(W3CHttpResponseCodec.java:49)
at org.openqa.selenium.remote.HttpCommandExecutor.execute(HttpCommandExecutor.java:158)
at org.openqa.selenium.remote.service.DriverCommandExecutor.execute(DriverCommandExecutor.java:83)
at org.openqa.selenium.remote.RemoteWebDriver.execute(RemoteWebDriver.java:552)
at org.openqa.selenium.remote.RemoteWebDriver.findElement(RemoteWebDriver.java:323)
at org.openqa.selenium.remote.RemoteWebDriver.findElementByXPath(RemoteWebDriver.java:428)
at org.openqa.selenium.By$ByXPath.findElement(By.java:353)
at org.openqa.selenium.remote.RemoteWebDriver.findElement(RemoteWebDriver.java:315)
at org.openqa.selenium.support.ui.ExpectedConditions$7.apply(ExpectedConditions.java:205)
at org.openqa.selenium.support.ui.ExpectedConditions$7.apply(ExpectedConditions.java:201)
at org.openqa.selenium.support.ui.ExpectedConditions$22.apply(ExpectedConditions.java:641)
at org.openqa.selenium.support.ui.ExpectedConditions$22.apply(ExpectedConditions.java:638)
at org.openqa.selenium.support.ui.FluentWait.until(FluentWait.java:249)
... 32 more
... Removed 33 stack frames]]>
    </failure>
  </testcase> <!-- Admin_15_Delete_Address -->
  <testcase name="@BeforeTest deleteAllFilesInReportNGScreenshot" time="0.0" classname="commons.BaseTest">
    <ignored/>
  </testcase> <!-- @BeforeTest deleteAllFilesInReportNGScreenshot -->
  <testcase name="@BeforeTest deleteAllFilesInReportNGScreenshot" time="0.0" classname="commons.BaseTest">
    <ignored/>
  </testcase> <!-- @BeforeTest deleteAllFilesInReportNGScreenshot -->
  <testcase name="@BeforeTest deleteAllFilesInReportNGScreenshot" time="0.0" classname="commons.BaseTest">
    <ignored/>
  </testcase> <!-- @BeforeTest deleteAllFilesInReportNGScreenshot -->
  <testcase name="@BeforeTest deleteAllFilesInReportNGScreenshot" time="0.0" classname="commons.BaseTest">
    <ignored/>
  </testcase> <!-- @BeforeTest deleteAllFilesInReportNGScreenshot -->
  <testcase name="@BeforeTest deleteAllFilesInReportNGScreenshot" time="0.0" classname="commons.BaseTest">
    <ignored/>
  </testcase> <!-- @BeforeTest deleteAllFilesInReportNGScreenshot -->
  <testcase name="@BeforeTest deleteAllFilesInReportNGScreenshot" time="0.0" classname="commons.BaseTest">
    <ignored/>
  </testcase> <!-- @BeforeTest deleteAllFilesInReportNGScreenshot -->
  <testcase name="@BeforeTest deleteAllFilesInReportNGScreenshot" time="0.0" classname="commons.BaseTest">
    <ignored/>
  </testcase> <!-- @BeforeTest deleteAllFilesInReportNGScreenshot -->
</testsuite> <!-- Run on Firefox -->
