<?xml version="1.0" encoding="UTF-8"?>
<!-- Generated by org.testng.reporters.JUnitXMLReporter -->
<testsuite hostname="DESKTOP-AL3VMHN" ignored="7" name="Run on Chrome" tests="54" failures="5" timestamp="17 Sep 2021 09:34:18 GMT" time="441.759" errors="0">
  <testcase name="Register_00_All_Info_Correct" time="6.15" classname="com.nopcommerce.register.Register_Account"/>
  <testcase name="Register_01_Empty_Data" time="2.028" classname="com.nopcommerce.register.Register_Account"/>
  <testcase name="Register_02_Invalid_Email" time="2.2" classname="com.nopcommerce.register.Register_Account"/>
  <testcase name="Register_03_Email_Exist" time="2.266" classname="com.nopcommerce.register.Register_Account"/>
  <testcase name="Register_04_Password_Less_Than_Six_Characters" time="1.145" classname="com.nopcommerce.register.Register_Account"/>
  <testcase name="Register_05_Password_Not_Match_ConfimPassword" time="1.969" classname="com.nopcommerce.register.Register_Account"/>
  <testcase name="Login_01_Empty_Data" time="1.836" classname="com.nopcommerce.login.Login_To_Page"/>
  <testcase name="Login_02_Invalid_Email" time="0.436" classname="com.nopcommerce.login.Login_To_Page"/>
  <testcase name="Login_03_Unregisted_Email" time="1.499" classname="com.nopcommerce.login.Login_To_Page"/>
  <testcase name="Login_04_Registed_Email_Empty_Password" time="0.842" classname="com.nopcommerce.login.Login_To_Page"/>
  <testcase name="Login_05_Registed_Email_Wrong_Password" time="1.539" classname="com.nopcommerce.login.Login_To_Page"/>
  <testcase name="Login_06_Correct_Email_Password" time="3.332" classname="com.nopcommerce.login.Login_To_Page"/>
  <testcase name="My_Account_00_Login_To_Page" time="2.79" classname="com.nopcommerce.myaccount.My_Account"/>
  <testcase name="My_Account_01_Update_Customer_Info" time="4.323" classname="com.nopcommerce.myaccount.My_Account"/>
  <testcase name="My_Account_02_Add_Addresses" time="4.806" classname="com.nopcommerce.myaccount.My_Account"/>
  <testcase name="My_Account_03_Change_Info" time="2.017" classname="com.nopcommerce.myaccount.My_Account"/>
  <testcase name="My_Account_04_Add_Review" time="17.058" classname="com.nopcommerce.myaccount.My_Account"/>
  <testcase name="Search_Advanced_Search_00_Login_To_Page" time="3.549" classname="com.nopcommerce.search.Search_Advanced_Search"/>
  <testcase name="Search_Advanced_Search_01_Search_With_Empty_Data" time="2.559" classname="com.nopcommerce.search.Search_Advanced_Search"/>
  <testcase name="Search_Advanced_Search_02_Search_With_Data_Exist" time="1.335" classname="com.nopcommerce.search.Search_Advanced_Search"/>
  <testcase name="Search_Advanced_Search_03_Search_With_Product_Name_Relatively" time="1.533" classname="com.nopcommerce.search.Search_Advanced_Search"/>
  <testcase name="Search_Advanced_Search_04_Search_With_Product_Name_Precisely" time="0.771" classname="com.nopcommerce.search.Search_Advanced_Search"/>
  <testcase name="Search_Advanced_Search_05_Advanced_Search_With_Parent_Categories" time="1.05" classname="com.nopcommerce.search.Search_Advanced_Search"/>
  <testcase name="Search_Advanced_Search_06_Advanced_Search_With_Sub_Categories" time="1.026" classname="com.nopcommerce.search.Search_Advanced_Search"/>
  <testcase name="Search_Advanced_Search_07_Advanced_Search_With_Incorrect_Manufacturer" time="1.563" classname="com.nopcommerce.search.Search_Advanced_Search"/>
  <testcase name="Search_Advanced_Search_08_Advanced_Search_With_Correct_Manufacturer" time="1.83" classname="com.nopcommerce.search.Search_Advanced_Search"/>
  <testcase name="Sort_Display_Paging_01_Sort_With_Name_A_To_Z" time="3.081" classname="com.nopcommerce.sort.Sort_Display_Paging"/>
  <testcase name="Sort_Display_Paging_02_Sort_With_Name_Z_To_A" time="2.96" classname="com.nopcommerce.sort.Sort_Display_Paging"/>
  <testcase name="Sort_Display_Paging_03_Sort_With_Price_Low_To_High" time="3.681" classname="com.nopcommerce.sort.Sort_Display_Paging"/>
  <testcase name="Sort_Display_Paging_04_Sort_With_Price_High_To_Low" time="2.938" classname="com.nopcommerce.sort.Sort_Display_Paging"/>
  <testcase name="Sort_Display_Paging_05_Display_Three_Products_Per_Page" time="5.077" classname="com.nopcommerce.sort.Sort_Display_Paging"/>
  <testcase name="Sort_Display_Paging_06_Display_Six_Products_Per_Page" time="10.744" classname="com.nopcommerce.sort.Sort_Display_Paging"/>
  <testcase name="Sort_Display_Paging_07_Display_Nine_Products_Per_Page" time="10.294" classname="com.nopcommerce.sort.Sort_Display_Paging"/>
  <testcase name="Wishlist_Compare_RecentView_01_Add_To_Wishlist" time="11.097" classname="com.nopcommerce.wishlist.Wishlist_Compare_RecentView"/>
  <testcase name="Wishlist_Compare_RecentView_02_Add_To_Cart_From_Wishlist" time="1.616" classname="com.nopcommerce.wishlist.Wishlist_Compare_RecentView"/>
  <testcase name="Wishlist_Compare_RecentView_03_Remove_Product_From_Wishlist" time="8.722" classname="com.nopcommerce.wishlist.Wishlist_Compare_RecentView"/>
  <testcase name="Wishlist_Compare_RecentView_04_Add_Product_To_Compare" time="32.856" classname="com.nopcommerce.wishlist.Wishlist_Compare_RecentView"/>
  <testcase name="Wishlist_Compare_RecentView_05_Recently_Viewed_Products" time="10.903" classname="com.nopcommerce.wishlist.Wishlist_Compare_RecentView"/>
  <testcase name="Admin_00_Login_To_Admin_Page" time="4.562" classname="com.nopcommerce.admin.Admin"/>
  <testcase name="Admin_01_Search_With_Product_Name" time="34.489" classname="com.nopcommerce.admin.Admin">
    <failure type="org.openqa.selenium.TimeoutException" message="Expected condition failed: waiting for visibility of element located by By.xpath: //td[text()=&amp;apos;Lenovo IdeaCentre 600 All-in-One PC&amp;apos;]/following-sibling::td[text()=&amp;apos;LE_IC_600&amp;apos;]/following-sibling::td[text()=&amp;apos;500&amp;apos;]/following-sibling::td[text()=&amp;apos;10000&amp;apos;]/following-sibling::td[contains(@class,&amp;apos;text-center&amp;apos;)]/i (tried for 30 second(s) with 500 milliseconds interval)">
      <![CDATA[org.openqa.selenium.TimeoutException: Expected condition failed: waiting for visibility of element located by By.xpath: //td[text()='Lenovo IdeaCentre 600 All-in-One PC']/following-sibling::td[text()='LE_IC_600']/following-sibling::td[text()='500']/following-sibling::td[text()='10000']/following-sibling::td[contains(@class,'text-center')]/i (tried for 30 second(s) with 500 milliseconds interval)
at org.openqa.selenium.support.ui.WebDriverWait.timeoutException(WebDriverWait.java:95)
at org.openqa.selenium.support.ui.FluentWait.until(FluentWait.java:272)
at commons.BasePage.waitForElementVisible(BasePage.java:445)
at commons.BasePage.isRowValueDisplayed(BasePage.java:582)
at com.nopcommerce.admin.Admin.Admin_01_Search_With_Product_Name(Admin.java:107)
Caused by: org.openqa.selenium.NoSuchElementException: no such element: Unable to locate element: {"method":"xpath","selector":"//td[text()='Lenovo IdeaCentre 600 All-in-One PC']/following-sibling::td[text()='LE_IC_600']/following-sibling::td[text()='500']/following-sibling::td[text()='10000']/following-sibling::td[contains(@class,'text-center')]/i"}
  (Session info: chrome=93.0.4577.82)
For documentation on this error, please visit: https://www.seleniumhq.org/exceptions/no_such_element.html
Build info: version: '3.141.59', revision: 'e82be7d358', time: '2018-11-14T08:17:03'
System info: host: 'DESKTOP-AL3VMHN', ip: '192.168.250.11', os.name: 'Windows 10', os.arch: 'amd64', os.version: '10.0', java.version: '1.8.0_181'
Driver info: org.openqa.selenium.chrome.ChromeDriver
Capabilities {acceptInsecureCerts: false, browserName: chrome, browserVersion: 93.0.4577.82, chrome: {chromedriverVersion: 93.0.4577.63 (ff5c0da2ec0ad..., userDataDir: C:\Users\HP95\AppData\Local...}, goog:chromeOptions: {debuggerAddress: localhost:55033}, javascriptEnabled: true, networkConnectionEnabled: false, pageLoadStrategy: normal, platform: WINDOWS, platformName: WINDOWS, proxy: Proxy(), setWindowRect: true, strictFileInteractability: false, timeouts: {implicit: 0, pageLoad: 300000, script: 30000}, unhandledPromptBehavior: dismiss and notify, webauthn:extension:credBlob: true, webauthn:extension:largeBlob: true, webauthn:virtualAuthenticators: true}
Session ID: ff2ceb641e5a144cc2f238c974657ef5
*** Element info: {Using=xpath, value=//td[text()='Lenovo IdeaCentre 600 All-in-One PC']/following-sibling::td[text()='LE_IC_600']/following-sibling::td[text()='500']/following-sibling::td[text()='10000']/following-sibling::td[contains(@class,'text-center')]/i}
at org.openqa.selenium.remote.http.W3CHttpResponseCodec.createException(W3CHttpResponseCodec.java:187)
at org.openqa.selenium.remote.http.W3CHttpResponseCodec.decode(W3CHttpResponseCodec.java:122)
at org.openqa.selenium.remote.http.W3CHttpResponseCodec.decode(W3CHttpResponseCodec.java:49)
at org.openqa.selenium.remote.HttpCommandExecutor.execute(HttpCommandExecutor.java:158)
at org.openqa.selenium.remote.service.DriverCommandExecutor.execute(DriverCommandExecutor.java:83)
at org.openqa.selenium.remote.RemoteWebDriver.execute(RemoteWebDriver.java:552)
at org.openqa.selenium.remote.RemoteWebDriver.findElement(RemoteWebDriver.java:323)
at org.openqa.selenium.remote.RemoteWebDriver.findElementByXPath(RemoteWebDriver.java:428)
at org.openqa.selenium.By$ByXPath.findElement(By.java:353)
at org.openqa.selenium.remote.RemoteWebDriver.findElement(RemoteWebDriver.java:315)
at org.openqa.selenium.support.ui.ExpectedConditions$7.apply(ExpectedConditions.java:205)
at org.openqa.selenium.support.ui.ExpectedConditions$7.apply(ExpectedConditions.java:201)
at org.openqa.selenium.support.ui.FluentWait.until(FluentWait.java:249)
... 32 more
... Removed 33 stack frames]]>
    </failure>
  </testcase> <!-- Admin_01_Search_With_Product_Name -->
  <testcase name="Admin_02_Search_With_Product_Name_Parent_Category_Unchecked" time="3.121" classname="com.nopcommerce.admin.Admin"/>
  <testcase name="Admin_03_Search_With_Product_Name_Parent_Category_Checked" time="33.711" classname="com.nopcommerce.admin.Admin">
    <failure type="org.openqa.selenium.TimeoutException" message="Expected condition failed: waiting for visibility of element located by By.xpath: //td[text()=&amp;apos;Lenovo IdeaCentre 600 All-in-One PC&amp;apos;]/following-sibling::td[text()=&amp;apos;LE_IC_600&amp;apos;]/following-sibling::td[text()=&amp;apos;500&amp;apos;]/following-sibling::td[text()=&amp;apos;10000&amp;apos;]/following-sibling::td[contains(@class,&amp;apos;text-center&amp;apos;)]/i (tried for 30 second(s) with 500 milliseconds interval)">
      <![CDATA[org.openqa.selenium.TimeoutException: Expected condition failed: waiting for visibility of element located by By.xpath: //td[text()='Lenovo IdeaCentre 600 All-in-One PC']/following-sibling::td[text()='LE_IC_600']/following-sibling::td[text()='500']/following-sibling::td[text()='10000']/following-sibling::td[contains(@class,'text-center')]/i (tried for 30 second(s) with 500 milliseconds interval)
at org.openqa.selenium.support.ui.WebDriverWait.timeoutException(WebDriverWait.java:95)
at org.openqa.selenium.support.ui.FluentWait.until(FluentWait.java:272)
at commons.BasePage.waitForElementVisible(BasePage.java:445)
at commons.BasePage.isRowValueDisplayed(BasePage.java:582)
at com.nopcommerce.admin.Admin.Admin_03_Search_With_Product_Name_Parent_Category_Checked(Admin.java:155)
Caused by: org.openqa.selenium.NoSuchElementException: no such element: Unable to locate element: {"method":"xpath","selector":"//td[text()='Lenovo IdeaCentre 600 All-in-One PC']/following-sibling::td[text()='LE_IC_600']/following-sibling::td[text()='500']/following-sibling::td[text()='10000']/following-sibling::td[contains(@class,'text-center')]/i"}
  (Session info: chrome=93.0.4577.82)
For documentation on this error, please visit: https://www.seleniumhq.org/exceptions/no_such_element.html
Build info: version: '3.141.59', revision: 'e82be7d358', time: '2018-11-14T08:17:03'
System info: host: 'DESKTOP-AL3VMHN', ip: '192.168.250.11', os.name: 'Windows 10', os.arch: 'amd64', os.version: '10.0', java.version: '1.8.0_181'
Driver info: org.openqa.selenium.chrome.ChromeDriver
Capabilities {acceptInsecureCerts: false, browserName: chrome, browserVersion: 93.0.4577.82, chrome: {chromedriverVersion: 93.0.4577.63 (ff5c0da2ec0ad..., userDataDir: C:\Users\HP95\AppData\Local...}, goog:chromeOptions: {debuggerAddress: localhost:55033}, javascriptEnabled: true, networkConnectionEnabled: false, pageLoadStrategy: normal, platform: WINDOWS, platformName: WINDOWS, proxy: Proxy(), setWindowRect: true, strictFileInteractability: false, timeouts: {implicit: 0, pageLoad: 300000, script: 30000}, unhandledPromptBehavior: dismiss and notify, webauthn:extension:credBlob: true, webauthn:extension:largeBlob: true, webauthn:virtualAuthenticators: true}
Session ID: ff2ceb641e5a144cc2f238c974657ef5
*** Element info: {Using=xpath, value=//td[text()='Lenovo IdeaCentre 600 All-in-One PC']/following-sibling::td[text()='LE_IC_600']/following-sibling::td[text()='500']/following-sibling::td[text()='10000']/following-sibling::td[contains(@class,'text-center')]/i}
at org.openqa.selenium.remote.http.W3CHttpResponseCodec.createException(W3CHttpResponseCodec.java:187)
at org.openqa.selenium.remote.http.W3CHttpResponseCodec.decode(W3CHttpResponseCodec.java:122)
at org.openqa.selenium.remote.http.W3CHttpResponseCodec.decode(W3CHttpResponseCodec.java:49)
at org.openqa.selenium.remote.HttpCommandExecutor.execute(HttpCommandExecutor.java:158)
at org.openqa.selenium.remote.service.DriverCommandExecutor.execute(DriverCommandExecutor.java:83)
at org.openqa.selenium.remote.RemoteWebDriver.execute(RemoteWebDriver.java:552)
at org.openqa.selenium.remote.RemoteWebDriver.findElement(RemoteWebDriver.java:323)
at org.openqa.selenium.remote.RemoteWebDriver.findElementByXPath(RemoteWebDriver.java:428)
at org.openqa.selenium.By$ByXPath.findElement(By.java:353)
at org.openqa.selenium.remote.RemoteWebDriver.findElement(RemoteWebDriver.java:315)
at org.openqa.selenium.support.ui.ExpectedConditions$7.apply(ExpectedConditions.java:205)
at org.openqa.selenium.support.ui.ExpectedConditions$7.apply(ExpectedConditions.java:201)
at org.openqa.selenium.support.ui.FluentWait.until(FluentWait.java:249)
... 32 more
... Removed 33 stack frames]]>
    </failure>
  </testcase> <!-- Admin_03_Search_With_Product_Name_Parent_Category_Checked -->
  <testcase name="Admin_04_Search_With_Product_Name_Child_Category" time="34.693" classname="com.nopcommerce.admin.Admin">
    <failure type="org.openqa.selenium.TimeoutException" message="Expected condition failed: waiting for visibility of element located by By.xpath: //td[text()=&amp;apos;Lenovo IdeaCentre 600 All-in-One PC&amp;apos;]/following-sibling::td[text()=&amp;apos;LE_IC_600&amp;apos;]/following-sibling::td[text()=&amp;apos;500&amp;apos;]/following-sibling::td[text()=&amp;apos;10000&amp;apos;]/following-sibling::td[contains(@class,&amp;apos;text-center&amp;apos;)]/i (tried for 30 second(s) with 500 milliseconds interval)">
      <![CDATA[org.openqa.selenium.TimeoutException: Expected condition failed: waiting for visibility of element located by By.xpath: //td[text()='Lenovo IdeaCentre 600 All-in-One PC']/following-sibling::td[text()='LE_IC_600']/following-sibling::td[text()='500']/following-sibling::td[text()='10000']/following-sibling::td[contains(@class,'text-center')]/i (tried for 30 second(s) with 500 milliseconds interval)
at org.openqa.selenium.support.ui.WebDriverWait.timeoutException(WebDriverWait.java:95)
at org.openqa.selenium.support.ui.FluentWait.until(FluentWait.java:272)
at commons.BasePage.waitForElementVisible(BasePage.java:445)
at commons.BasePage.isRowValueDisplayed(BasePage.java:582)
at com.nopcommerce.admin.Admin.Admin_04_Search_With_Product_Name_Child_Category(Admin.java:179)
Caused by: org.openqa.selenium.NoSuchElementException: no such element: Unable to locate element: {"method":"xpath","selector":"//td[text()='Lenovo IdeaCentre 600 All-in-One PC']/following-sibling::td[text()='LE_IC_600']/following-sibling::td[text()='500']/following-sibling::td[text()='10000']/following-sibling::td[contains(@class,'text-center')]/i"}
  (Session info: chrome=93.0.4577.82)
For documentation on this error, please visit: https://www.seleniumhq.org/exceptions/no_such_element.html
Build info: version: '3.141.59', revision: 'e82be7d358', time: '2018-11-14T08:17:03'
System info: host: 'DESKTOP-AL3VMHN', ip: '192.168.250.11', os.name: 'Windows 10', os.arch: 'amd64', os.version: '10.0', java.version: '1.8.0_181'
Driver info: org.openqa.selenium.chrome.ChromeDriver
Capabilities {acceptInsecureCerts: false, browserName: chrome, browserVersion: 93.0.4577.82, chrome: {chromedriverVersion: 93.0.4577.63 (ff5c0da2ec0ad..., userDataDir: C:\Users\HP95\AppData\Local...}, goog:chromeOptions: {debuggerAddress: localhost:55033}, javascriptEnabled: true, networkConnectionEnabled: false, pageLoadStrategy: normal, platform: WINDOWS, platformName: WINDOWS, proxy: Proxy(), setWindowRect: true, strictFileInteractability: false, timeouts: {implicit: 0, pageLoad: 300000, script: 30000}, unhandledPromptBehavior: dismiss and notify, webauthn:extension:credBlob: true, webauthn:extension:largeBlob: true, webauthn:virtualAuthenticators: true}
Session ID: ff2ceb641e5a144cc2f238c974657ef5
*** Element info: {Using=xpath, value=//td[text()='Lenovo IdeaCentre 600 All-in-One PC']/following-sibling::td[text()='LE_IC_600']/following-sibling::td[text()='500']/following-sibling::td[text()='10000']/following-sibling::td[contains(@class,'text-center')]/i}
at org.openqa.selenium.remote.http.W3CHttpResponseCodec.createException(W3CHttpResponseCodec.java:187)
at org.openqa.selenium.remote.http.W3CHttpResponseCodec.decode(W3CHttpResponseCodec.java:122)
at org.openqa.selenium.remote.http.W3CHttpResponseCodec.decode(W3CHttpResponseCodec.java:49)
at org.openqa.selenium.remote.HttpCommandExecutor.execute(HttpCommandExecutor.java:158)
at org.openqa.selenium.remote.service.DriverCommandExecutor.execute(DriverCommandExecutor.java:83)
at org.openqa.selenium.remote.RemoteWebDriver.execute(RemoteWebDriver.java:552)
at org.openqa.selenium.remote.RemoteWebDriver.findElement(RemoteWebDriver.java:323)
at org.openqa.selenium.remote.RemoteWebDriver.findElementByXPath(RemoteWebDriver.java:428)
at org.openqa.selenium.By$ByXPath.findElement(By.java:353)
at org.openqa.selenium.remote.RemoteWebDriver.findElement(RemoteWebDriver.java:315)
at org.openqa.selenium.support.ui.ExpectedConditions$7.apply(ExpectedConditions.java:205)
at org.openqa.selenium.support.ui.ExpectedConditions$7.apply(ExpectedConditions.java:201)
at org.openqa.selenium.support.ui.FluentWait.until(FluentWait.java:249)
... 32 more
... Removed 33 stack frames]]>
    </failure>
  </testcase> <!-- Admin_04_Search_With_Product_Name_Child_Category -->
  <testcase name="Admin_05_Search_With_Product_Name_Manufacturer" time="3.682" classname="com.nopcommerce.admin.Admin"/>
  <testcase name="Admin_06_Go_Directly_To_SKU" time="6.354" classname="com.nopcommerce.admin.Admin"/>
  <testcase name="Admin_07_Create_New_Customer" time="16.667" classname="com.nopcommerce.admin.Admin"/>
  <testcase name="Admin_08_Search_Customer_With_Email" time="5.246" classname="com.nopcommerce.admin.Admin"/>
  <testcase name="Admin_09_Search_Customer_With_FirstName_LastName" time="6.842" classname="com.nopcommerce.admin.Admin">
    <failure type="java.lang.AssertionError" message="expected [1] but found [2]">
      <![CDATA[java.lang.AssertionError: expected [1] but found [2]
at commons.BaseTest.checkEquals(BaseTest.java:182)
at commons.BaseTest.verifyEquals(BaseTest.java:194)
at com.nopcommerce.admin.Admin.Admin_09_Search_Customer_With_FirstName_LastName(Admin.java:296)
... Removed 34 stack frames]]>
    </failure>
  </testcase> <!-- Admin_09_Search_Customer_With_FirstName_LastName -->
  <testcase name="Admin_10_Search_Customer_With_Company" time="6.645" classname="com.nopcommerce.admin.Admin">
    <failure type="java.lang.AssertionError" message="expected [1] but found [2]">
      <![CDATA[java.lang.AssertionError: expected [1] but found [2]
at commons.BaseTest.checkEquals(BaseTest.java:182)
at commons.BaseTest.verifyEquals(BaseTest.java:194)
at com.nopcommerce.admin.Admin.Admin_10_Search_Customer_With_Company(Admin.java:309)
... Removed 34 stack frames]]>
    </failure>
  </testcase> <!-- Admin_10_Search_Customer_With_Company -->
  <testcase name="Admin_11_Search_Customer_With_Full_Data" time="5.415" classname="com.nopcommerce.admin.Admin"/>
  <testcase name="Admin_12_Edit_Customer" time="15.877" classname="com.nopcommerce.admin.Admin"/>
  <testcase name="Admin_13_Add_New_Address" time="17.494" classname="com.nopcommerce.admin.Admin"/>
  <testcase name="Admin_14_Edit_Address" time="18.637" classname="com.nopcommerce.admin.Admin"/>
  <testcase name="Admin_15_Delete_Address" time="8.803" classname="com.nopcommerce.admin.Admin"/>
  <testcase name="@BeforeTest deleteAllFilesInReportNGScreenshot" time="0.0" classname="commons.BaseTest">
    <ignored/>
  </testcase> <!-- @BeforeTest deleteAllFilesInReportNGScreenshot -->
  <testcase name="@BeforeTest deleteAllFilesInReportNGScreenshot" time="0.0" classname="commons.BaseTest">
    <ignored/>
  </testcase> <!-- @BeforeTest deleteAllFilesInReportNGScreenshot -->
  <testcase name="@BeforeTest deleteAllFilesInReportNGScreenshot" time="0.0" classname="commons.BaseTest">
    <ignored/>
  </testcase> <!-- @BeforeTest deleteAllFilesInReportNGScreenshot -->
  <testcase name="@BeforeTest deleteAllFilesInReportNGScreenshot" time="0.0" classname="commons.BaseTest">
    <ignored/>
  </testcase> <!-- @BeforeTest deleteAllFilesInReportNGScreenshot -->
  <testcase name="@BeforeTest deleteAllFilesInReportNGScreenshot" time="0.0" classname="commons.BaseTest">
    <ignored/>
  </testcase> <!-- @BeforeTest deleteAllFilesInReportNGScreenshot -->
  <testcase name="@BeforeTest deleteAllFilesInReportNGScreenshot" time="0.0" classname="commons.BaseTest">
    <ignored/>
  </testcase> <!-- @BeforeTest deleteAllFilesInReportNGScreenshot -->
  <testcase name="@BeforeTest deleteAllFilesInReportNGScreenshot" time="0.0" classname="commons.BaseTest">
    <ignored/>
  </testcase> <!-- @BeforeTest deleteAllFilesInReportNGScreenshot -->
</testsuite> <!-- Run on Chrome -->
